#
# There is insufficient memory for the Java Runtime Environment to continue.
# Native memory allocation (malloc) failed to allocate 1370576 bytes. Error detail: Chunk::new
# Possible reasons:
#   The system is out of physical RAM or swap space
#   This process is running with CompressedOops enabled, and the Java Heap may be blocking the growth of the native heap
# Possible solutions:
#   Reduce memory load on the system
#   Increase physical memory or swap space
#   Check if swap backing store is full
#   Decrease Java heap size (-Xmx/-Xms)
#   Decrease number of Java threads
#   Decrease Java thread stack sizes (-Xss)
#   Set larger code cache with -XX:ReservedCodeCacheSize=
#   JVM is running with Unscaled Compressed Oops mode in which the Java heap is
#     placed in the first 4GB address space. The Java Heap base address is the
#     maximum limit for the native heap growth. Please use -XX:HeapBaseMinAddress
#     to set the Java Heap base and to place the Java Heap above 4GB virtual address.
# This output file may be truncated or incomplete.
#
#  Out of Memory Error (arena.cpp:191), pid=8752, tid=15208
#
# JRE version: OpenJDK Runtime Environment (17.0.11) (build 17.0.11+0--11852314)
# Java VM: OpenJDK 64-Bit Server VM (17.0.11+0--11852314, mixed mode, tiered, compressed oops, compressed class ptrs, g1 gc, windows-amd64)
# No core dump will be written. Minidumps are not enabled by default on client versions of Windows
#

---------------  S U M M A R Y ------------

Command Line: --add-opens=java.base/java.util=ALL-UNNAMED --add-opens=java.base/java.lang=ALL-UNNAMED --add-opens=java.base/java.lang.invoke=ALL-UNNAMED --add-opens=java.prefs/java.util.prefs=ALL-UNNAMED --add-opens=java.base/java.nio.charset=ALL-UNNAMED --add-opens=java.base/java.net=ALL-UNNAMED --add-opens=java.base/java.util.concurrent.atomic=ALL-UNNAMED -Xmx2048m -Dfile.encoding=UTF-8 -Duser.country=US -Duser.language=en -Duser.variant -javaagent:C:\Users\Azmie Alyaa Khairani\.gradle\wrapper\dists\gradle-8.7-bin\bhs2wmbdwecv87pi65oeuq5iu\gradle-8.7\lib\agents\gradle-instrumentation-agent-8.7.jar org.gradle.launcher.daemon.bootstrap.GradleDaemon 8.7

Host: Intel(R) Core(TM) i3-1005G1 CPU @ 1.20GHz, 4 cores, 7G,  Windows 11 , 64 bit Build 22621 (10.0.22621.4391)
Time: Sun Dec 15 00:38:30 2024 SE Asia Standard Time elapsed time: 79.764974 seconds (0d 0h 1m 19s)

---------------  T H R E A D  ---------------

Current thread (0x000001fa7ef362b0):  JavaThread "C2 CompilerThread0" daemon [_thread_in_native, id=15208, stack(0x0000002d99a00000,0x0000002d99b00000)]


Current CompileTask:
C2:  79765 10567       4       java.lang.String::split (327 bytes)

Stack: [0x0000002d99a00000,0x0000002d99b00000]
Native frames: (J=compiled Java code, j=interpreted, Vv=VM code, C=native code)
V  [jvm.dll+0x687bb9]
V  [jvm.dll+0x84142a]
V  [jvm.dll+0x8430ae]
V  [jvm.dll+0x843713]
V  [jvm.dll+0x24a35f]
V  [jvm.dll+0xac544]
V  [jvm.dll+0xacb8c]
V  [jvm.dll+0x369be2]
V  [jvm.dll+0x33416a]
V  [jvm.dll+0x33360a]
V  [jvm.dll+0x21bed1]
V  [jvm.dll+0x21b311]
V  [jvm.dll+0x1a63ed]
V  [jvm.dll+0x22b1ee]
V  [jvm.dll+0x229375]
V  [jvm.dll+0x7f5647]
V  [jvm.dll+0x7efa4a]
V  [jvm.dll+0x686a35]
C  [ucrtbase.dll+0x29333]
C  [KERNEL32.DLL+0x1259d]
C  [ntdll.dll+0x5af38]


---------------  P R O C E S S  ---------------

Threads class SMR info:
_java_thread_list=0x000001fa0a8bb450, length=44, elements={
0x000001fa697cd4b0, 0x000001fa7eda1780, 0x000001fa7ef12010, 0x000001fa7edc72a0,
0x000001fa7ef30160, 0x000001fa7ef34b50, 0x000001fa7ef35510, 0x000001fa7ef362b0,
0x000001fa7efa6790, 0x000001fa7efa6cb0, 0x000001fa7effc760, 0x000001fa7f16ea50,
0x000001fa09c61040, 0x000001fa09905740, 0x000001fa09597230, 0x000001fa094e5f60,
0x000001fa7fb618a0, 0x000001fa08323f60, 0x000001fa098c2780, 0x000001fa096caf20,
0x000001fa096cd7a0, 0x000001fa096c9ff0, 0x000001fa096cbe50, 0x000001fa096cc360,
0x000001fa096caa10, 0x000001fa0ade7bb0, 0x000001fa0ade80c0, 0x000001fa0ade39e0,
0x000001fa0ade8ae0, 0x000001fa0ade4910, 0x000001fa0ade2fc0, 0x000001fa0ade3ef0,
0x000001fa0ade85d0, 0x000001fa0ade6770, 0x000001fa0ade5840, 0x000001fa0ade8ff0,
0x000001fa0ade9a10, 0x000001fa0ade9f20, 0x000001fa0ade7190, 0x000001fa0ade76a0,
0x000001fa0adea430, 0x000001fa0af97090, 0x000001fa0af938e0, 0x000001fa0d669c30
}

Java Threads: ( => current thread )
  0x000001fa697cd4b0 JavaThread "main" [_thread_blocked, id=17184, stack(0x0000002d98d00000,0x0000002d98e00000)]
  0x000001fa7eda1780 JavaThread "Reference Handler" daemon [_thread_blocked, id=17964, stack(0x0000002d99400000,0x0000002d99500000)]
  0x000001fa7ef12010 JavaThread "Finalizer" daemon [_thread_blocked, id=8740, stack(0x0000002d99500000,0x0000002d99600000)]
  0x000001fa7edc72a0 JavaThread "Signal Dispatcher" daemon [_thread_blocked, id=18908, stack(0x0000002d99600000,0x0000002d99700000)]
  0x000001fa7ef30160 JavaThread "Attach Listener" daemon [_thread_blocked, id=16472, stack(0x0000002d99700000,0x0000002d99800000)]
  0x000001fa7ef34b50 JavaThread "Service Thread" daemon [_thread_blocked, id=18980, stack(0x0000002d99800000,0x0000002d99900000)]
  0x000001fa7ef35510 JavaThread "Monitor Deflation Thread" daemon [_thread_blocked, id=20124, stack(0x0000002d99900000,0x0000002d99a00000)]
=>0x000001fa7ef362b0 JavaThread "C2 CompilerThread0" daemon [_thread_in_native, id=15208, stack(0x0000002d99a00000,0x0000002d99b00000)]
  0x000001fa7efa6790 JavaThread "C1 CompilerThread0" daemon [_thread_blocked, id=13480, stack(0x0000002d99b00000,0x0000002d99c00000)]
  0x000001fa7efa6cb0 JavaThread "Sweeper thread" daemon [_thread_blocked, id=2924, stack(0x0000002d99c00000,0x0000002d99d00000)]
  0x000001fa7effc760 JavaThread "Common-Cleaner" daemon [_thread_blocked, id=20348, stack(0x0000002d99d00000,0x0000002d99e00000)]
  0x000001fa7f16ea50 JavaThread "Notification Thread" daemon [_thread_blocked, id=16112, stack(0x0000002d99e00000,0x0000002d99f00000)]
  0x000001fa09c61040 JavaThread "Daemon health stats" [_thread_blocked, id=18536, stack(0x0000002d9a300000,0x0000002d9a400000)]
  0x000001fa09905740 JavaThread "Incoming local TCP Connector on port 53633" [_thread_in_native, id=17592, stack(0x0000002d9a400000,0x0000002d9a500000)]
  0x000001fa09597230 JavaThread "Daemon periodic checks" [_thread_blocked, id=15844, stack(0x0000002d9a500000,0x0000002d9a600000)]
  0x000001fa094e5f60 JavaThread "Daemon" [_thread_blocked, id=19072, stack(0x0000002d9a600000,0x0000002d9a700000)]
  0x000001fa7fb618a0 JavaThread "Handler for socket connection from /127.0.0.1:53633 to /127.0.0.1:53636" [_thread_in_native, id=18176, stack(0x0000002d9a700000,0x0000002d9a800000)]
  0x000001fa08323f60 JavaThread "Cancel handler" [_thread_blocked, id=5352, stack(0x0000002d9a800000,0x0000002d9a900000)]
  0x000001fa098c2780 JavaThread "Daemon worker" [_thread_in_native, id=19708, stack(0x0000002d9a900000,0x0000002d9aa00000)]
  0x000001fa096caf20 JavaThread "Asynchronous log dispatcher for DefaultDaemonConnection: socket connection from /127.0.0.1:53633 to /127.0.0.1:53636" [_thread_blocked, id=17212, stack(0x0000002d9aa00000,0x0000002d9ab00000)]
  0x000001fa096cd7a0 JavaThread "Daemon client event forwarder" [_thread_blocked, id=2856, stack(0x0000002d9ac00000,0x0000002d9ad00000)]
  0x000001fa096c9ff0 JavaThread "Cache worker for journal cache (C:\Users\Azmie Alyaa Khairani\.gradle\caches\journal-1)" [_thread_blocked, id=15528, stack(0x0000002d9ad00000,0x0000002d9ae00000)]
  0x000001fa096cbe50 JavaThread "File lock request listener" [_thread_in_native, id=10112, stack(0x0000002d9ae00000,0x0000002d9af00000)]
  0x000001fa096cc360 JavaThread "Cache worker for file hash cache (C:\Users\Azmie Alyaa Khairani\.gradle\caches\8.7\fileHashes)" [_thread_blocked, id=20224, stack(0x0000002d9af00000,0x0000002d9b000000)]
  0x000001fa096caa10 JavaThread "Cache worker for file hash cache (D:\ugm naila\SEMESTER 3\Mobile\EatstediApp\.gradle\8.7\fileHashes)" [_thread_blocked, id=13808, stack(0x0000002d9b100000,0x0000002d9b200000)]
  0x000001fa0ade7bb0 JavaThread "File watcher server" daemon [_thread_in_native, id=18032, stack(0x0000002d9b000000,0x0000002d9b100000)]
  0x000001fa0ade80c0 JavaThread "File watcher consumer" daemon [_thread_blocked, id=19788, stack(0x0000002d9b200000,0x0000002d9b300000)]
  0x000001fa0ade39e0 JavaThread "jar transforms" [_thread_blocked, id=10312, stack(0x0000002d9b400000,0x0000002d9b500000)]
  0x000001fa0ade8ae0 JavaThread "jar transforms Thread 2" [_thread_blocked, id=16460, stack(0x0000002d9b500000,0x0000002d9b600000)]
  0x000001fa0ade4910 JavaThread "jar transforms Thread 3" [_thread_blocked, id=15432, stack(0x0000002d9b600000,0x0000002d9b700000)]
  0x000001fa0ade2fc0 JavaThread "jar transforms Thread 4" [_thread_blocked, id=18660, stack(0x0000002d9b700000,0x0000002d9b800000)]
  0x000001fa0ade3ef0 JavaThread "Cache worker for checksums cache (D:\ugm naila\SEMESTER 3\Mobile\EatstediApp\.gradle\8.7\checksums)" [_thread_blocked, id=17244, stack(0x0000002d9b800000,0x0000002d9b900000)]
  0x000001fa0ade85d0 JavaThread "Cache worker for cache directory md-supplier (C:\Users\Azmie Alyaa Khairani\.gradle\caches\8.7\md-supplier)" [_thread_blocked, id=6240, stack(0x0000002d9b900000,0x0000002d9ba00000)]
  0x000001fa0ade6770 JavaThread "Cache worker for cache directory md-rule (C:\Users\Azmie Alyaa Khairani\.gradle\caches\8.7\md-rule)" [_thread_blocked, id=17380, stack(0x0000002d9ba00000,0x0000002d9bb00000)]
  0x000001fa0ade5840 JavaThread "Cache worker for file content cache (C:\Users\Azmie Alyaa Khairani\.gradle\caches\8.7\fileContent)" [_thread_blocked, id=18180, stack(0x0000002d9bb00000,0x0000002d9bc00000)]
  0x000001fa0ade8ff0 JavaThread "File lock release action executor" [_thread_blocked, id=15008, stack(0x0000002d9bc00000,0x0000002d9bd00000)]
  0x000001fa0ade9a10 JavaThread "Unconstrained build operations" [_thread_blocked, id=7748, stack(0x0000002d9bd00000,0x0000002d9be00000)]
  0x000001fa0ade9f20 JavaThread "Unconstrained build operations Thread 2" [_thread_blocked, id=16192, stack(0x0000002d9be00000,0x0000002d9bf00000)]
  0x000001fa0ade7190 JavaThread "Unconstrained build operations Thread 3" [_thread_blocked, id=16564, stack(0x0000002d9bf00000,0x0000002d9c000000)]
  0x000001fa0ade76a0 JavaThread "Unconstrained build operations Thread 4" [_thread_blocked, id=8260, stack(0x0000002d9c000000,0x0000002d9c100000)]
  0x000001fa0adea430 JavaThread "Unconstrained build operations Thread 5" [_thread_blocked, id=3976, stack(0x0000002d9c100000,0x0000002d9c200000)]
  0x000001fa0af97090 JavaThread "Cache worker for Build Output Cleanup Cache (D:\ugm naila\SEMESTER 3\Mobile\EatstediApp\.gradle\buildOutputCleanup)" [_thread_blocked, id=20016, stack(0x0000002d9c200000,0x0000002d9c300000)]
  0x000001fa0af938e0 JavaThread "Kotlin DSL Writer" [_thread_blocked, id=1692, stack(0x0000002d9c500000,0x0000002d9c600000)]
  0x000001fa0d669c30 JavaThread "C2 CompilerThread1" daemon [_thread_in_native, id=14904, stack(0x0000002d98b00000,0x0000002d98c00000)]

Other Threads:
  0x000001fa7ed9c230 VMThread "VM Thread" [stack: 0x0000002d99300000,0x0000002d99400000] [id=17512]
  0x000001fa7f16ef30 WatcherThread [stack: 0x0000002d99f00000,0x0000002d9a000000] [id=2796]
  0x000001fa69826720 GCTaskThread "GC Thread#0" [stack: 0x0000002d98e00000,0x0000002d98f00000] [id=17524]
  0x000001fa7f26b8c0 GCTaskThread "GC Thread#1" [stack: 0x0000002d9a000000,0x0000002d9a100000] [id=8532]
  0x000001fa7f475660 GCTaskThread "GC Thread#2" [stack: 0x0000002d9a100000,0x0000002d9a200000] [id=14196]
  0x000001fa087b21e0 GCTaskThread "GC Thread#3" [stack: 0x0000002d9a200000,0x0000002d9a300000] [id=18880]
  0x000001fa69837670 ConcurrentGCThread "G1 Main Marker" [stack: 0x0000002d98f00000,0x0000002d99000000] [id=8552]
  0x000001fa69838090 ConcurrentGCThread "G1 Conc#0" [stack: 0x0000002d99000000,0x0000002d99100000] [id=17004]
  0x000001fa7ebf20b0 ConcurrentGCThread "G1 Refine#0" [stack: 0x0000002d99100000,0x0000002d99200000] [id=18364]
  0x000001fa0a3c6dc0 ConcurrentGCThread "G1 Refine#1" [stack: 0x0000002d9b300000,0x0000002d9b400000] [id=19172]
  0x000001fa7ebf2ae0 ConcurrentGCThread "G1 Service" [stack: 0x0000002d99200000,0x0000002d99300000] [id=3500]

Threads with active compile tasks:
C2 CompilerThread0    79810 10567       4       java.lang.String::split (327 bytes)
C1 CompilerThread0    79810 10715       3       org.gradle.internal.component.external.model.DefaultConfigurationMetadata::mutate (9 bytes)
C2 CompilerThread1    79810 10698       4       org.gradle.internal.serialize.kryo.KryoBackedDecoder::readString (5 bytes)

VM state: not at safepoint (normal execution)

VM Mutex/Monitor currently owned by a thread: None

Heap address: 0x0000000080000000, size: 2048 MB, Compressed Oops mode: 32-bit

CDS archive(s) not mapped
Compressed class space mapped at: 0x0000000100000000-0x0000000140000000, reserved size: 1073741824
Narrow klass base: 0x0000000000000000, Narrow klass shift: 3, Narrow klass range: 0x140000000

GC Precious Log:
 CPUs: 4 total, 4 available
 Memory: 7932M
 Large Page Support: Disabled
 NUMA Support: Disabled
 Compressed Oops: Enabled (32-bit)
 Heap Region Size: 1M
 Heap Min Capacity: 8M
 Heap Initial Capacity: 124M
 Heap Max Capacity: 2G
 Pre-touch: Disabled
 Parallel Workers: 4
 Concurrent Workers: 1
 Concurrent Refinement Workers: 4
 Periodic GC: Disabled

Heap:
 garbage-first heap   total 203776K, used 120537K [0x0000000080000000, 0x0000000100000000)
  region size 1024K, 8 young (8192K), 3 survivors (3072K)
 Metaspace       used 131778K, committed 132544K, reserved 1179648K
  class space    used 17061K, committed 17408K, reserved 1048576K

Heap Regions: E=young(eden), S=young(survivor), O=old, HS=humongous(starts), HC=humongous(continues), CS=collection set, F=free, OA=open archive, CA=closed archive, TAMS=top-at-mark-start (previous, next)
|   0|0x0000000080000000, 0x0000000080100000, 0x0000000080100000|100%|HS|  |TAMS 0x0000000080100000, 0x0000000080000000| Complete 
|   1|0x0000000080100000, 0x0000000080200000, 0x0000000080200000|100%|HC|  |TAMS 0x0000000080200000, 0x0000000080100000| Complete 
|   2|0x0000000080200000, 0x0000000080300000, 0x0000000080300000|100%|HC|  |TAMS 0x0000000080300000, 0x0000000080200000| Complete 
|   3|0x0000000080300000, 0x0000000080400000, 0x0000000080400000|100%|HC|  |TAMS 0x0000000080400000, 0x0000000080300000| Complete 
|   4|0x0000000080400000, 0x0000000080500000, 0x0000000080500000|100%| O|  |TAMS 0x0000000080500000, 0x0000000080400000| Untracked 
|   5|0x0000000080500000, 0x0000000080600000, 0x0000000080600000|100%| O|  |TAMS 0x0000000080600000, 0x0000000080500000| Untracked 
|   6|0x0000000080600000, 0x0000000080700000, 0x0000000080700000|100%| O|  |TAMS 0x0000000080700000, 0x0000000080600000| Untracked 
|   7|0x0000000080700000, 0x0000000080800000, 0x0000000080800000|100%| O|  |TAMS 0x0000000080800000, 0x0000000080700000| Untracked 
|   8|0x0000000080800000, 0x0000000080900000, 0x0000000080900000|100%| O|  |TAMS 0x0000000080900000, 0x0000000080800000| Untracked 
|   9|0x0000000080900000, 0x0000000080a00000, 0x0000000080a00000|100%| O|  |TAMS 0x0000000080a00000, 0x0000000080900000| Untracked 
|  10|0x0000000080a00000, 0x0000000080adba00, 0x0000000080b00000| 85%| O|  |TAMS 0x0000000080adba00, 0x0000000080a00000| Untracked 
|  11|0x0000000080b00000, 0x0000000080c00000, 0x0000000080c00000|100%| O|  |TAMS 0x0000000080c00000, 0x0000000080b00000| Untracked 
|  12|0x0000000080c00000, 0x0000000080d00000, 0x0000000080d00000|100%| O|  |TAMS 0x0000000080d00000, 0x0000000080c00000| Untracked 
|  13|0x0000000080d00000, 0x0000000080e00000, 0x0000000080e00000|100%| O|  |TAMS 0x0000000080e00000, 0x0000000080d00000| Untracked 
|  14|0x0000000080e00000, 0x0000000080f00000, 0x0000000080f00000|100%| O|  |TAMS 0x0000000080f00000, 0x0000000080e00000| Untracked 
|  15|0x0000000080f00000, 0x0000000081000000, 0x0000000081000000|100%| O|  |TAMS 0x0000000081000000, 0x0000000080f00000| Untracked 
|  16|0x0000000081000000, 0x0000000081100000, 0x0000000081100000|100%| O|  |TAMS 0x0000000081100000, 0x0000000081000000| Untracked 
|  17|0x0000000081100000, 0x0000000081200000, 0x0000000081200000|100%| O|  |TAMS 0x0000000081200000, 0x0000000081100000| Untracked 
|  18|0x0000000081200000, 0x0000000081300000, 0x0000000081300000|100%| O|  |TAMS 0x0000000081300000, 0x0000000081200000| Untracked 
|  19|0x0000000081300000, 0x0000000081400000, 0x0000000081400000|100%|HS|  |TAMS 0x0000000081400000, 0x0000000081300000| Complete 
|  20|0x0000000081400000, 0x0000000081500000, 0x0000000081500000|100%|HC|  |TAMS 0x0000000081500000, 0x0000000081400000| Complete 
|  21|0x0000000081500000, 0x0000000081600000, 0x0000000081600000|100%|HC|  |TAMS 0x0000000081600000, 0x0000000081500000| Complete 
|  22|0x0000000081600000, 0x0000000081700000, 0x0000000081700000|100%|HC|  |TAMS 0x0000000081700000, 0x0000000081600000| Complete 
|  23|0x0000000081700000, 0x0000000081800000, 0x0000000081800000|100%|HC|  |TAMS 0x0000000081800000, 0x0000000081700000| Complete 
|  24|0x0000000081800000, 0x0000000081900000, 0x0000000081900000|100%|HS|  |TAMS 0x0000000081900000, 0x0000000081800000| Complete 
|  25|0x0000000081900000, 0x0000000081a00000, 0x0000000081a00000|100%|HC|  |TAMS 0x0000000081a00000, 0x0000000081900000| Complete 
|  26|0x0000000081a00000, 0x0000000081b00000, 0x0000000081b00000|100%|HC|  |TAMS 0x0000000081b00000, 0x0000000081a00000| Complete 
|  27|0x0000000081b00000, 0x0000000081c00000, 0x0000000081c00000|100%|HS|  |TAMS 0x0000000081c00000, 0x0000000081b00000| Complete 
|  28|0x0000000081c00000, 0x0000000081d00000, 0x0000000081d00000|100%|HC|  |TAMS 0x0000000081d00000, 0x0000000081c00000| Complete 
|  29|0x0000000081d00000, 0x0000000081e00000, 0x0000000081e00000|100%|HC|  |TAMS 0x0000000081e00000, 0x0000000081d00000| Complete 
|  30|0x0000000081e00000, 0x0000000081f00000, 0x0000000081f00000|100%| O|  |TAMS 0x0000000081f00000, 0x0000000081e00000| Untracked 
|  31|0x0000000081f00000, 0x0000000082000000, 0x0000000082000000|100%| O|  |TAMS 0x0000000082000000, 0x0000000081f00000| Untracked 
|  32|0x0000000082000000, 0x0000000082100000, 0x0000000082100000|100%| O|  |TAMS 0x0000000082100000, 0x0000000082000000| Untracked 
|  33|0x0000000082100000, 0x0000000082200000, 0x0000000082200000|100%| O|  |TAMS 0x0000000082200000, 0x0000000082100000| Untracked 
|  34|0x0000000082200000, 0x0000000082300000, 0x0000000082300000|100%|HS|  |TAMS 0x0000000082300000, 0x0000000082200000| Complete 
|  35|0x0000000082300000, 0x0000000082400000, 0x0000000082400000|100%| O|  |TAMS 0x0000000082400000, 0x0000000082300000| Untracked 
|  36|0x0000000082400000, 0x0000000082500000, 0x0000000082500000|100%| O|  |TAMS 0x0000000082500000, 0x0000000082400000| Untracked 
|  37|0x0000000082500000, 0x0000000082600000, 0x0000000082600000|100%| O|  |TAMS 0x0000000082600000, 0x0000000082500000| Untracked 
|  38|0x0000000082600000, 0x0000000082700000, 0x0000000082700000|100%| O|  |TAMS 0x0000000082700000, 0x0000000082600000| Untracked 
|  39|0x0000000082700000, 0x0000000082800000, 0x0000000082800000|100%| O|  |TAMS 0x0000000082800000, 0x0000000082700000| Untracked 
|  40|0x0000000082800000, 0x0000000082900000, 0x0000000082900000|100%| O|  |TAMS 0x0000000082900000, 0x0000000082800000| Untracked 
|  41|0x0000000082900000, 0x0000000082a00000, 0x0000000082a00000|100%| O|  |TAMS 0x0000000082a00000, 0x0000000082900000| Untracked 
|  42|0x0000000082a00000, 0x0000000082b00000, 0x0000000082b00000|100%| O|  |TAMS 0x0000000082b00000, 0x0000000082a00000| Untracked 
|  43|0x0000000082b00000, 0x0000000082c00000, 0x0000000082c00000|100%| O|  |TAMS 0x0000000082c00000, 0x0000000082b00000| Untracked 
|  44|0x0000000082c00000, 0x0000000082d00000, 0x0000000082d00000|100%| O|  |TAMS 0x0000000082d00000, 0x0000000082c00000| Untracked 
|  45|0x0000000082d00000, 0x0000000082e00000, 0x0000000082e00000|100%|HS|  |TAMS 0x0000000082e00000, 0x0000000082d00000| Complete 
|  46|0x0000000082e00000, 0x0000000082f00000, 0x0000000082f00000|100%|HC|  |TAMS 0x0000000082f00000, 0x0000000082e00000| Complete 
|  47|0x0000000082f00000, 0x0000000083000000, 0x0000000083000000|100%|HC|  |TAMS 0x0000000083000000, 0x0000000082f00000| Complete 
|  48|0x0000000083000000, 0x0000000083100000, 0x0000000083100000|100%| O|  |TAMS 0x0000000083100000, 0x0000000083000000| Untracked 
|  49|0x0000000083100000, 0x0000000083200000, 0x0000000083200000|100%| O|  |TAMS 0x0000000083200000, 0x0000000083100000| Complete 
|  50|0x0000000083200000, 0x0000000083300000, 0x0000000083300000|100%| O|  |TAMS 0x0000000083300000, 0x0000000083200000| Untracked 
|  51|0x0000000083300000, 0x0000000083400000, 0x0000000083400000|100%|HS|  |TAMS 0x0000000083400000, 0x0000000083300000| Complete 
|  52|0x0000000083400000, 0x0000000083500000, 0x0000000083500000|100%|HC|  |TAMS 0x0000000083500000, 0x0000000083400000| Complete 
|  53|0x0000000083500000, 0x0000000083600000, 0x0000000083600000|100%|HC|  |TAMS 0x0000000083600000, 0x0000000083500000| Complete 
|  54|0x0000000083600000, 0x0000000083700000, 0x0000000083700000|100%|HC|  |TAMS 0x0000000083700000, 0x0000000083600000| Complete 
|  55|0x0000000083700000, 0x0000000083800000, 0x0000000083800000|100%|HC|  |TAMS 0x0000000083800000, 0x0000000083700000| Complete 
|  56|0x0000000083800000, 0x0000000083900000, 0x0000000083900000|100%| O|  |TAMS 0x0000000083900000, 0x0000000083800000| Untracked 
|  57|0x0000000083900000, 0x0000000083a00000, 0x0000000083a00000|100%| O|  |TAMS 0x0000000083a00000, 0x0000000083900000| Untracked 
|  58|0x0000000083a00000, 0x0000000083b00000, 0x0000000083b00000|100%| O|  |TAMS 0x0000000083b00000, 0x0000000083a00000| Untracked 
|  59|0x0000000083b00000, 0x0000000083c00000, 0x0000000083c00000|100%| O|  |TAMS 0x0000000083c00000, 0x0000000083b00000| Untracked 
|  60|0x0000000083c00000, 0x0000000083d00000, 0x0000000083d00000|100%| O|  |TAMS 0x0000000083d00000, 0x0000000083c00000| Untracked 
|  61|0x0000000083d00000, 0x0000000083e00000, 0x0000000083e00000|100%| O|  |TAMS 0x0000000083e00000, 0x0000000083d00000| Untracked 
|  62|0x0000000083e00000, 0x0000000083f00000, 0x0000000083f00000|100%| O|  |TAMS 0x0000000083f00000, 0x0000000083e00000| Untracked 
|  63|0x0000000083f00000, 0x0000000084000000, 0x0000000084000000|100%|HS|  |TAMS 0x0000000084000000, 0x0000000083f00000| Complete 
|  64|0x0000000084000000, 0x0000000084100000, 0x0000000084100000|100%|HC|  |TAMS 0x0000000084100000, 0x0000000084000000| Complete 
|  65|0x0000000084100000, 0x0000000084200000, 0x0000000084200000|100%|HC|  |TAMS 0x0000000084200000, 0x0000000084100000| Complete 
|  66|0x0000000084200000, 0x0000000084300000, 0x0000000084300000|100%|HC|  |TAMS 0x0000000084300000, 0x0000000084200000| Complete 
|  67|0x0000000084300000, 0x0000000084400000, 0x0000000084400000|100%|HC|  |TAMS 0x0000000084400000, 0x0000000084300000| Complete 
|  68|0x0000000084400000, 0x0000000084500000, 0x0000000084500000|100%| O|  |TAMS 0x0000000084500000, 0x0000000084400000| Untracked 
|  69|0x0000000084500000, 0x0000000084600000, 0x0000000084600000|100%| O|  |TAMS 0x0000000084600000, 0x0000000084500000| Untracked 
|  70|0x0000000084600000, 0x0000000084600000, 0x0000000084700000|  0%| F|  |TAMS 0x0000000084600000, 0x0000000084600000| Untracked 
|  71|0x0000000084700000, 0x0000000084800000, 0x0000000084800000|100%| O|  |TAMS 0x0000000084800000, 0x0000000084700000| Untracked 
|  72|0x0000000084800000, 0x0000000084900000, 0x0000000084900000|100%| O|  |TAMS 0x0000000084900000, 0x0000000084800000| Untracked 
|  73|0x0000000084900000, 0x0000000084a00000, 0x0000000084a00000|100%| O|  |TAMS 0x0000000084a00000, 0x0000000084900000| Untracked 
|  74|0x0000000084a00000, 0x0000000084b00000, 0x0000000084b00000|100%| O|  |TAMS 0x0000000084b00000, 0x0000000084a00000| Untracked 
|  75|0x0000000084b00000, 0x0000000084c00000, 0x0000000084c00000|100%| O|  |TAMS 0x0000000084c00000, 0x0000000084b00000| Untracked 
|  76|0x0000000084c00000, 0x0000000084d00000, 0x0000000084d00000|100%| O|  |TAMS 0x0000000084d00000, 0x0000000084c00000| Untracked 
|  77|0x0000000084d00000, 0x0000000084e00000, 0x0000000084e00000|100%| O|  |TAMS 0x0000000084e00000, 0x0000000084d00000| Untracked 
|  78|0x0000000084e00000, 0x0000000084f00000, 0x0000000084f00000|100%| O|  |TAMS 0x0000000084f00000, 0x0000000084e00000| Untracked 
|  79|0x0000000084f00000, 0x0000000085000000, 0x0000000085000000|100%| O|  |TAMS 0x0000000085000000, 0x0000000084f00000| Untracked 
|  80|0x0000000085000000, 0x0000000085100000, 0x0000000085100000|100%| O|  |TAMS 0x0000000085100000, 0x0000000085000000| Untracked 
|  81|0x0000000085100000, 0x0000000085200000, 0x0000000085200000|100%|HS|  |TAMS 0x0000000085200000, 0x0000000085100000| Complete 
|  82|0x0000000085200000, 0x0000000085300000, 0x0000000085300000|100%| O|  |TAMS 0x0000000085300000, 0x0000000085200000| Untracked 
|  83|0x0000000085300000, 0x0000000085400000, 0x0000000085400000|100%| O|  |TAMS 0x0000000085400000, 0x0000000085300000| Untracked 
|  84|0x0000000085400000, 0x0000000085500000, 0x0000000085500000|100%| O|  |TAMS 0x0000000085500000, 0x0000000085400000| Untracked 
|  85|0x0000000085500000, 0x0000000085600000, 0x0000000085600000|100%| O|  |TAMS 0x0000000085600000, 0x0000000085500000| Untracked 
|  86|0x0000000085600000, 0x0000000085700000, 0x0000000085700000|100%| O|  |TAMS 0x0000000085700000, 0x0000000085600000| Untracked 
|  87|0x0000000085700000, 0x0000000085800000, 0x0000000085800000|100%| O|  |TAMS 0x0000000085800000, 0x0000000085700000| Untracked 
|  88|0x0000000085800000, 0x0000000085900000, 0x0000000085900000|100%| O|  |TAMS 0x0000000085900000, 0x0000000085800000| Untracked 
|  89|0x0000000085900000, 0x0000000085a00000, 0x0000000085a00000|100%| O|  |TAMS 0x0000000085a00000, 0x0000000085900000| Untracked 
|  90|0x0000000085a00000, 0x0000000085b00000, 0x0000000085b00000|100%|HS|  |TAMS 0x0000000085b00000, 0x0000000085a00000| Complete 
|  91|0x0000000085b00000, 0x0000000085c00000, 0x0000000085c00000|100%|HC|  |TAMS 0x0000000085c00000, 0x0000000085b00000| Complete 
|  92|0x0000000085c00000, 0x0000000085d00000, 0x0000000085d00000|100%|HC|  |TAMS 0x0000000085d00000, 0x0000000085c00000| Complete 
|  93|0x0000000085d00000, 0x0000000085e00000, 0x0000000085e00000|100%|HC|  |TAMS 0x0000000085e00000, 0x0000000085d00000| Complete 
|  94|0x0000000085e00000, 0x0000000085f00000, 0x0000000085f00000|100%|HC|  |TAMS 0x0000000085f00000, 0x0000000085e00000| Complete 
|  95|0x0000000085f00000, 0x0000000086000000, 0x0000000086000000|100%|HC|  |TAMS 0x0000000086000000, 0x0000000085f00000| Complete 
|  96|0x0000000086000000, 0x0000000086100000, 0x0000000086100000|100%| O|  |TAMS 0x0000000086100000, 0x0000000086000000| Untracked 
|  97|0x0000000086100000, 0x0000000086200000, 0x0000000086200000|100%| O|  |TAMS 0x0000000086200000, 0x0000000086100000| Untracked 
|  98|0x0000000086200000, 0x0000000086300000, 0x0000000086300000|100%| O|  |TAMS 0x0000000086300000, 0x0000000086200000| Untracked 
|  99|0x0000000086300000, 0x0000000086400000, 0x0000000086400000|100%| O|  |TAMS 0x0000000086400000, 0x0000000086300000| Untracked 
| 100|0x0000000086400000, 0x0000000086500000, 0x0000000086500000|100%| O|  |TAMS 0x0000000086500000, 0x0000000086400000| Untracked 
| 101|0x0000000086500000, 0x0000000086600000, 0x0000000086600000|100%| O|  |TAMS 0x0000000086600000, 0x0000000086500000| Untracked 
| 102|0x0000000086600000, 0x0000000086700000, 0x0000000086700000|100%| O|  |TAMS 0x0000000086700000, 0x0000000086600000| Untracked 
| 103|0x0000000086700000, 0x0000000086700000, 0x0000000086800000|  0%| F|  |TAMS 0x0000000086700000, 0x0000000086700000| Untracked 
| 104|0x0000000086800000, 0x0000000086900000, 0x0000000086900000|100%| O|  |TAMS 0x0000000086900000, 0x0000000086800000| Untracked 
| 105|0x0000000086900000, 0x0000000086a00000, 0x0000000086a00000|100%| O|  |TAMS 0x0000000086a00000, 0x0000000086900000| Complete 
| 106|0x0000000086a00000, 0x0000000086b00000, 0x0000000086b00000|100%| O|  |TAMS 0x0000000086b00000, 0x0000000086a00000| Untracked 
| 107|0x0000000086b00000, 0x0000000086c00000, 0x0000000086c00000|100%| O|  |TAMS 0x0000000086c00000, 0x0000000086b00000| Untracked 
| 108|0x0000000086c00000, 0x0000000086d00000, 0x0000000086d00000|100%| O|  |TAMS 0x0000000086d00000, 0x0000000086c00000| Untracked 
| 109|0x0000000086d00000, 0x0000000086e00000, 0x0000000086e00000|100%| O|  |TAMS 0x0000000086e00000, 0x0000000086d00000| Untracked 
| 110|0x0000000086e00000, 0x0000000086f00000, 0x0000000086f00000|100%| O|  |TAMS 0x0000000086f00000, 0x0000000086e00000| Untracked 
| 111|0x0000000086f00000, 0x0000000087000000, 0x0000000087000000|100%| O|  |TAMS 0x0000000087000000, 0x0000000086f00000| Untracked 
| 112|0x0000000087000000, 0x000000008703a000, 0x0000000087100000| 22%| O|  |TAMS 0x000000008703a000, 0x0000000087000000| Untracked 
| 113|0x0000000087100000, 0x0000000087100000, 0x0000000087200000|  0%| F|  |TAMS 0x0000000087100000, 0x0000000087100000| Untracked 
| 114|0x0000000087200000, 0x0000000087200000, 0x0000000087300000|  0%| F|  |TAMS 0x0000000087200000, 0x0000000087200000| Untracked 
| 115|0x0000000087300000, 0x0000000087300000, 0x0000000087400000|  0%| F|  |TAMS 0x0000000087300000, 0x0000000087300000| Untracked 
| 116|0x0000000087400000, 0x0000000087400000, 0x0000000087500000|  0%| F|  |TAMS 0x0000000087400000, 0x0000000087400000| Untracked 
| 117|0x0000000087500000, 0x0000000087500000, 0x0000000087600000|  0%| F|  |TAMS 0x0000000087500000, 0x0000000087500000| Untracked 
| 118|0x0000000087600000, 0x0000000087600000, 0x0000000087700000|  0%| F|  |TAMS 0x0000000087600000, 0x0000000087600000| Untracked 
| 119|0x0000000087700000, 0x0000000087700000, 0x0000000087800000|  0%| F|  |TAMS 0x0000000087700000, 0x0000000087700000| Untracked 
| 120|0x0000000087800000, 0x0000000087800000, 0x0000000087900000|  0%| F|  |TAMS 0x0000000087800000, 0x0000000087800000| Untracked 
| 121|0x0000000087900000, 0x0000000087900000, 0x0000000087a00000|  0%| F|  |TAMS 0x0000000087900000, 0x0000000087900000| Untracked 
| 122|0x0000000087a00000, 0x0000000087a00000, 0x0000000087b00000|  0%| F|  |TAMS 0x0000000087a00000, 0x0000000087a00000| Untracked 
| 123|0x0000000087b00000, 0x0000000087b00000, 0x0000000087c00000|  0%| F|  |TAMS 0x0000000087b00000, 0x0000000087b00000| Untracked 
| 124|0x0000000087c00000, 0x0000000087c00000, 0x0000000087d00000|  0%| F|  |TAMS 0x0000000087c00000, 0x0000000087c00000| Untracked 
| 125|0x0000000087d00000, 0x0000000087d00000, 0x0000000087e00000|  0%| F|  |TAMS 0x0000000087d00000, 0x0000000087d00000| Untracked 
| 126|0x0000000087e00000, 0x0000000087e00000, 0x0000000087f00000|  0%| F|  |TAMS 0x0000000087e00000, 0x0000000087e00000| Untracked 
| 127|0x0000000087f00000, 0x0000000087f00000, 0x0000000088000000|  0%| F|  |TAMS 0x0000000087f00000, 0x0000000087f00000| Untracked 
| 128|0x0000000088000000, 0x0000000088000000, 0x0000000088100000|  0%| F|  |TAMS 0x0000000088000000, 0x0000000088000000| Untracked 
| 129|0x0000000088100000, 0x0000000088100000, 0x0000000088200000|  0%| F|  |TAMS 0x0000000088100000, 0x0000000088100000| Untracked 
| 130|0x0000000088200000, 0x0000000088200000, 0x0000000088300000|  0%| F|  |TAMS 0x0000000088200000, 0x0000000088200000| Untracked 
| 131|0x0000000088300000, 0x0000000088300000, 0x0000000088400000|  0%| F|  |TAMS 0x0000000088300000, 0x0000000088300000| Untracked 
| 132|0x0000000088400000, 0x0000000088400000, 0x0000000088500000|  0%| F|  |TAMS 0x0000000088400000, 0x0000000088400000| Untracked 
| 133|0x0000000088500000, 0x0000000088500000, 0x0000000088600000|  0%| F|  |TAMS 0x0000000088500000, 0x0000000088500000| Untracked 
| 134|0x0000000088600000, 0x0000000088600000, 0x0000000088700000|  0%| F|  |TAMS 0x0000000088600000, 0x0000000088600000| Untracked 
| 135|0x0000000088700000, 0x0000000088700000, 0x0000000088800000|  0%| F|  |TAMS 0x0000000088700000, 0x0000000088700000| Untracked 
| 136|0x0000000088800000, 0x0000000088800000, 0x0000000088900000|  0%| F|  |TAMS 0x0000000088800000, 0x0000000088800000| Untracked 
| 137|0x0000000088900000, 0x00000000889a0c00, 0x0000000088a00000| 62%| S|CS|TAMS 0x0000000088900000, 0x0000000088900000| Complete 
| 138|0x0000000088a00000, 0x0000000088b00000, 0x0000000088b00000|100%| S|CS|TAMS 0x0000000088a00000, 0x0000000088a00000| Complete 
| 139|0x0000000088b00000, 0x0000000088c00000, 0x0000000088c00000|100%| S|CS|TAMS 0x0000000088b00000, 0x0000000088b00000| Complete 
| 140|0x0000000088c00000, 0x0000000088c00000, 0x0000000088d00000|  0%| F|  |TAMS 0x0000000088c00000, 0x0000000088c00000| Untracked 
| 141|0x0000000088d00000, 0x0000000088d00000, 0x0000000088e00000|  0%| F|  |TAMS 0x0000000088d00000, 0x0000000088d00000| Untracked 
| 142|0x0000000088e00000, 0x0000000088e00000, 0x0000000088f00000|  0%| F|  |TAMS 0x0000000088e00000, 0x0000000088e00000| Untracked 
| 143|0x0000000088f00000, 0x0000000088f00000, 0x0000000089000000|  0%| F|  |TAMS 0x0000000088f00000, 0x0000000088f00000| Untracked 
| 144|0x0000000089000000, 0x0000000089000000, 0x0000000089100000|  0%| F|  |TAMS 0x0000000089000000, 0x0000000089000000| Untracked 
| 145|0x0000000089100000, 0x0000000089100000, 0x0000000089200000|  0%| F|  |TAMS 0x0000000089100000, 0x0000000089100000| Untracked 
| 146|0x0000000089200000, 0x0000000089200000, 0x0000000089300000|  0%| F|  |TAMS 0x0000000089200000, 0x0000000089200000| Untracked 
| 147|0x0000000089300000, 0x0000000089300000, 0x0000000089400000|  0%| F|  |TAMS 0x0000000089300000, 0x0000000089300000| Untracked 
| 148|0x0000000089400000, 0x0000000089400000, 0x0000000089500000|  0%| F|  |TAMS 0x0000000089400000, 0x0000000089400000| Untracked 
| 149|0x0000000089500000, 0x0000000089500000, 0x0000000089600000|  0%| F|  |TAMS 0x0000000089500000, 0x0000000089500000| Untracked 
| 150|0x0000000089600000, 0x0000000089600000, 0x0000000089700000|  0%| F|  |TAMS 0x0000000089600000, 0x0000000089600000| Untracked 
| 151|0x0000000089700000, 0x0000000089700000, 0x0000000089800000|  0%| F|  |TAMS 0x0000000089700000, 0x0000000089700000| Untracked 
| 152|0x0000000089800000, 0x0000000089800000, 0x0000000089900000|  0%| F|  |TAMS 0x0000000089800000, 0x0000000089800000| Untracked 
| 153|0x0000000089900000, 0x0000000089900000, 0x0000000089a00000|  0%| F|  |TAMS 0x0000000089900000, 0x0000000089900000| Untracked 
| 154|0x0000000089a00000, 0x0000000089a00000, 0x0000000089b00000|  0%| F|  |TAMS 0x0000000089a00000, 0x0000000089a00000| Untracked 
| 155|0x0000000089b00000, 0x0000000089b00000, 0x0000000089c00000|  0%| F|  |TAMS 0x0000000089b00000, 0x0000000089b00000| Untracked 
| 156|0x0000000089c00000, 0x0000000089c00000, 0x0000000089d00000|  0%| F|  |TAMS 0x0000000089c00000, 0x0000000089c00000| Untracked 
| 157|0x0000000089d00000, 0x0000000089d00000, 0x0000000089e00000|  0%| F|  |TAMS 0x0000000089d00000, 0x0000000089d00000| Untracked 
| 158|0x0000000089e00000, 0x0000000089e00000, 0x0000000089f00000|  0%| F|  |TAMS 0x0000000089e00000, 0x0000000089e00000| Untracked 
| 159|0x0000000089f00000, 0x0000000089f00000, 0x000000008a000000|  0%| F|  |TAMS 0x0000000089f00000, 0x0000000089f00000| Untracked 
| 160|0x000000008a000000, 0x000000008a000000, 0x000000008a100000|  0%| F|  |TAMS 0x000000008a000000, 0x000000008a000000| Untracked 
| 161|0x000000008a100000, 0x000000008a100000, 0x000000008a200000|  0%| F|  |TAMS 0x000000008a100000, 0x000000008a100000| Untracked 
| 162|0x000000008a200000, 0x000000008a200000, 0x000000008a300000|  0%| F|  |TAMS 0x000000008a200000, 0x000000008a200000| Untracked 
| 163|0x000000008a300000, 0x000000008a300000, 0x000000008a400000|  0%| F|  |TAMS 0x000000008a300000, 0x000000008a300000| Untracked 
| 164|0x000000008a400000, 0x000000008a400000, 0x000000008a500000|  0%| F|  |TAMS 0x000000008a400000, 0x000000008a400000| Untracked 
| 165|0x000000008a500000, 0x000000008a500000, 0x000000008a600000|  0%| F|  |TAMS 0x000000008a500000, 0x000000008a500000| Untracked 
| 166|0x000000008a600000, 0x000000008a600000, 0x000000008a700000|  0%| F|  |TAMS 0x000000008a600000, 0x000000008a600000| Untracked 
| 167|0x000000008a700000, 0x000000008a700000, 0x000000008a800000|  0%| F|  |TAMS 0x000000008a700000, 0x000000008a700000| Untracked 
| 168|0x000000008a800000, 0x000000008a800000, 0x000000008a900000|  0%| F|  |TAMS 0x000000008a800000, 0x000000008a800000| Untracked 
| 169|0x000000008a900000, 0x000000008a900000, 0x000000008aa00000|  0%| F|  |TAMS 0x000000008a900000, 0x000000008a900000| Untracked 
| 170|0x000000008aa00000, 0x000000008aa00000, 0x000000008ab00000|  0%| F|  |TAMS 0x000000008aa00000, 0x000000008aa00000| Untracked 
| 171|0x000000008ab00000, 0x000000008ab00000, 0x000000008ac00000|  0%| F|  |TAMS 0x000000008ab00000, 0x000000008ab00000| Untracked 
| 172|0x000000008ac00000, 0x000000008ac00000, 0x000000008ad00000|  0%| F|  |TAMS 0x000000008ac00000, 0x000000008ac00000| Untracked 
| 173|0x000000008ad00000, 0x000000008ad00000, 0x000000008ae00000|  0%| F|  |TAMS 0x000000008ad00000, 0x000000008ad00000| Untracked 
| 174|0x000000008ae00000, 0x000000008ae00000, 0x000000008af00000|  0%| F|  |TAMS 0x000000008ae00000, 0x000000008ae00000| Untracked 
| 175|0x000000008af00000, 0x000000008af00000, 0x000000008b000000|  0%| F|  |TAMS 0x000000008af00000, 0x000000008af00000| Untracked 
| 176|0x000000008b000000, 0x000000008b000000, 0x000000008b100000|  0%| F|  |TAMS 0x000000008b000000, 0x000000008b000000| Untracked 
| 177|0x000000008b100000, 0x000000008b100000, 0x000000008b200000|  0%| F|  |TAMS 0x000000008b100000, 0x000000008b100000| Untracked 
| 178|0x000000008b200000, 0x000000008b200000, 0x000000008b300000|  0%| F|  |TAMS 0x000000008b200000, 0x000000008b200000| Untracked 
| 179|0x000000008b300000, 0x000000008b300000, 0x000000008b400000|  0%| F|  |TAMS 0x000000008b300000, 0x000000008b300000| Untracked 
| 180|0x000000008b400000, 0x000000008b400000, 0x000000008b500000|  0%| F|  |TAMS 0x000000008b400000, 0x000000008b400000| Untracked 
| 181|0x000000008b500000, 0x000000008b500000, 0x000000008b600000|  0%| F|  |TAMS 0x000000008b500000, 0x000000008b500000| Untracked 
| 182|0x000000008b600000, 0x000000008b600000, 0x000000008b700000|  0%| F|  |TAMS 0x000000008b600000, 0x000000008b600000| Untracked 
| 183|0x000000008b700000, 0x000000008b700000, 0x000000008b800000|  0%| F|  |TAMS 0x000000008b700000, 0x000000008b700000| Untracked 
| 184|0x000000008b800000, 0x000000008b800000, 0x000000008b900000|  0%| F|  |TAMS 0x000000008b800000, 0x000000008b800000| Untracked 
| 185|0x000000008b900000, 0x000000008b900000, 0x000000008ba00000|  0%| F|  |TAMS 0x000000008b900000, 0x000000008b900000| Untracked 
| 186|0x000000008ba00000, 0x000000008ba00000, 0x000000008bb00000|  0%| F|  |TAMS 0x000000008ba00000, 0x000000008ba00000| Untracked 
| 187|0x000000008bb00000, 0x000000008bb00000, 0x000000008bc00000|  0%| F|  |TAMS 0x000000008bb00000, 0x000000008bb00000| Untracked 
| 188|0x000000008bc00000, 0x000000008bc00000, 0x000000008bd00000|  0%| F|  |TAMS 0x000000008bc00000, 0x000000008bc00000| Untracked 
| 189|0x000000008bd00000, 0x000000008bd00000, 0x000000008be00000|  0%| F|  |TAMS 0x000000008bd00000, 0x000000008bd00000| Untracked 
| 190|0x000000008be00000, 0x000000008be00000, 0x000000008bf00000|  0%| F|  |TAMS 0x000000008be00000, 0x000000008be00000| Untracked 
| 191|0x000000008bf00000, 0x000000008bf00000, 0x000000008c000000|  0%| F|  |TAMS 0x000000008bf00000, 0x000000008bf00000| Untracked 
| 192|0x000000008c000000, 0x000000008c000000, 0x000000008c100000|  0%| F|  |TAMS 0x000000008c000000, 0x000000008c000000| Untracked 
| 193|0x000000008c100000, 0x000000008c187820, 0x000000008c200000| 52%| E|  |TAMS 0x000000008c100000, 0x000000008c100000| Complete 
| 194|0x000000008c200000, 0x000000008c300000, 0x000000008c300000|100%| E|CS|TAMS 0x000000008c200000, 0x000000008c200000| Complete 
| 195|0x000000008c300000, 0x000000008c400000, 0x000000008c400000|100%| E|CS|TAMS 0x000000008c300000, 0x000000008c300000| Complete 
| 196|0x000000008c400000, 0x000000008c500000, 0x000000008c500000|100%| E|CS|TAMS 0x000000008c400000, 0x000000008c400000| Complete 
|2046|0x00000000ffe00000, 0x00000000fff00000, 0x00000000fff00000|100%| O|  |TAMS 0x00000000fff00000, 0x00000000ffe00000| Untracked 
|2047|0x00000000fff00000, 0x0000000100000000, 0x0000000100000000|100%| E|CS|TAMS 0x00000000fff00000, 0x00000000fff00000| Complete 

Card table byte_map: [0x000001fa7c0a0000,0x000001fa7c4a0000] _byte_map_base: 0x000001fa7bca0000

Marking Bits (Prev, Next): (CMBitMap*) 0x000001fa69826d80, (CMBitMap*) 0x000001fa69826d40
 Prev Bits: [0x000001fa00000000, 0x000001fa02000000)
 Next Bits: [0x000001fa7c8a0000, 0x000001fa7e8a0000)

Polling page: 0x000001fa67710000

Metaspace:

Usage:
  Non-class:    112.04 MB used.
      Class:     16.66 MB used.
       Both:    128.70 MB used.

Virtual space:
  Non-class space:      128.00 MB reserved,     112.44 MB ( 88%) committed,  2 nodes.
      Class space:        1.00 GB reserved,      17.00 MB (  2%) committed,  1 nodes.
             Both:        1.12 GB reserved,     129.44 MB ( 11%) committed. 

Chunk freelists:
   Non-Class:  15.19 MB
       Class:  14.83 MB
        Both:  30.02 MB

MaxMetaspaceSize: unlimited
CompressedClassSpaceSize: 1.00 GB
Initial GC threshold: 21.00 MB
Current GC threshold: 215.75 MB
CDS: off
MetaspaceReclaimPolicy: balanced
 - commit_granule_bytes: 65536.
 - commit_granule_words: 8192.
 - virtual_space_node_default_size: 8388608.
 - enlarge_chunks_in_place: 1.
 - new_chunks_are_fully_committed: 0.
 - uncommit_free_chunks: 1.
 - use_allocation_guard: 0.
 - handle_deallocations: 1.


Internal statistics:

num_allocs_failed_limit: 12.
num_arena_births: 916.
num_arena_deaths: 0.
num_vsnodes_births: 3.
num_vsnodes_deaths: 0.
num_space_committed: 2069.
num_space_uncommitted: 0.
num_chunks_returned_to_freelist: 12.
num_chunks_taken_from_freelist: 5412.
num_chunk_merges: 12.
num_chunk_splits: 4168.
num_chunks_enlarged: 3389.
num_inconsistent_stats: 0.

CodeHeap 'non-profiled nmethods': size=120000Kb used=5187Kb max_used=5187Kb free=114812Kb
 bounds [0x000001fa74770000, 0x000001fa74c90000, 0x000001fa7bca0000]
CodeHeap 'profiled nmethods': size=120000Kb used=19596Kb max_used=19596Kb free=100403Kb
 bounds [0x000001fa6cca0000, 0x000001fa6dfd0000, 0x000001fa741d0000]
CodeHeap 'non-nmethods': size=5760Kb used=2541Kb max_used=2557Kb free=3218Kb
 bounds [0x000001fa741d0000, 0x000001fa74460000, 0x000001fa74770000]
 total_blobs=10295 nmethods=9205 adapters=1000
 compilation: enabled
              stopped_count=0, restarted_count=0
 full_count=0

Compilation events (20 events):
Event: 79.726 Thread 0x000001fa7efa6790 10682       3       org.gradle.internal.component.external.model.DefaultModuleComponentGraphResolveState::getId (13 bytes)
Event: 79.726 Thread 0x000001fa7efa6790 nmethod 10682 0x000001fa6dfb3a10 code [0x000001fa6dfb3bc0, 0x000001fa6dfb3f28]
Event: 79.727 Thread 0x000001fa7efa6790 10683       3       org.gradle.api.internal.attributes.AttributeDesugaring::desugar (31 bytes)
Event: 79.727 Thread 0x000001fa7efa6790 nmethod 10683 0x000001fa6dfb4010 code [0x000001fa6dfb4240, 0x000001fa6dfb4b08]
Event: 79.727 Thread 0x000001fa7efa6790 10684       3       org.gradle.internal.component.external.model.DefaultConfigurationMetadata::getAttributes (28 bytes)
Event: 79.728 Thread 0x000001fa7efa6790 nmethod 10684 0x000001fa6dfb4e10 code [0x000001fa6dfb5000, 0x000001fa6dfb56f8]
Event: 79.731 Thread 0x000001fa7efa6790 10685       1       org.gradle.internal.component.external.model.AbstractModuleComponentResolveMetadata::getAttributes (5 bytes)
Event: 79.731 Thread 0x000001fa7efa6790 nmethod 10685 0x000001fa74c7e590 code [0x000001fa74c7e720, 0x000001fa74c7e7f8]
Event: 79.732 Thread 0x000001fa7efa6790 10686       3       org.gradle.internal.component.external.model.DefaultModuleComponentGraphResolveState::getId (5 bytes)
Event: 79.732 Thread 0x000001fa7efa6790 nmethod 10686 0x000001fa6dfb5910 code [0x000001fa6dfb5ac0, 0x000001fa6dfb5e88]
Event: 79.733 Thread 0x000001fa7efa6790 10687       3       org.gradle.internal.component.external.model.DefaultConfigurationMetadata::getCapabilities (28 bytes)
Event: 79.733 Thread 0x000001fa7efa6790 nmethod 10687 0x000001fa6dfb5f90 code [0x000001fa6dfb6140, 0x000001fa6dfb63c8]
Event: 79.735 Thread 0x000001fa7efa6790 10688       1       org.gradle.internal.component.external.model.DefaultModuleComponentIdentifier::getModuleIdentifier (5 bytes)
Event: 79.735 Thread 0x000001fa7efa6790 nmethod 10688 0x000001fa74c7e890 code [0x000001fa74c7ea20, 0x000001fa74c7eaf8]
Event: 79.737 Thread 0x000001fa7efa6790 10689       3       org.gradle.internal.component.model.DefaultComponentGraphResolveState$$Lambda$1527/0x0000000101113598::apply (8 bytes)
Event: 79.738 Thread 0x000001fa7efa6790 nmethod 10689 0x000001fa6dfb6510 code [0x000001fa6dfb66e0, 0x000001fa6dfb6ad8]
Event: 79.738 Thread 0x000001fa7efa6790 10690       3       org.gradle.internal.component.model.DefaultComponentGraphResolveState::lambda$new$3 (12 bytes)
Event: 79.738 Thread 0x000001fa7efa6790 nmethod 10690 0x000001fa6dfb6c10 code [0x000001fa6dfb6dc0, 0x000001fa6dfb7038]
Event: 79.738 Thread 0x000001fa7efa6790 10691       3       org.gradle.internal.component.external.model.VariantMetadataRules$$Lambda$1529/0x0000000101113a60::<init> (10 bytes)
Event: 79.738 Thread 0x000001fa7efa6790 nmethod 10691 0x000001fa6dfb7110 code [0x000001fa6dfb72a0, 0x000001fa6dfb7458]

GC Heap History (20 events):
Event: 70.568 GC heap before
{Heap before GC invocations=57 (full 0):
 garbage-first heap   total 137216K, used 117586K [0x0000000080000000, 0x0000000100000000)
  region size 1024K, 10 young (10240K), 2 survivors (2048K)
 Metaspace       used 109950K, committed 110720K, reserved 1179648K
  class space    used 14659K, committed 14976K, reserved 1048576K
}
Event: 70.570 GC heap after
{Heap after GC invocations=58 (full 0):
 garbage-first heap   total 137216K, used 109534K [0x0000000080000000, 0x0000000100000000)
  region size 1024K, 1 young (1024K), 1 survivors (1024K)
 Metaspace       used 109950K, committed 110720K, reserved 1179648K
  class space    used 14659K, committed 14976K, reserved 1048576K
}
Event: 70.719 GC heap before
{Heap before GC invocations=58 (full 0):
 garbage-first heap   total 137216K, used 118750K [0x0000000080000000, 0x0000000100000000)
  region size 1024K, 10 young (10240K), 1 survivors (1024K)
 Metaspace       used 110010K, committed 110720K, reserved 1179648K
  class space    used 14659K, committed 14976K, reserved 1048576K
}
Event: 70.721 GC heap after
{Heap after GC invocations=59 (full 0):
 garbage-first heap   total 137216K, used 109948K [0x0000000080000000, 0x0000000100000000)
  region size 1024K, 2 young (2048K), 2 survivors (2048K)
 Metaspace       used 110010K, committed 110720K, reserved 1179648K
  class space    used 14659K, committed 14976K, reserved 1048576K
}
Event: 70.895 GC heap before
{Heap before GC invocations=59 (full 0):
 garbage-first heap   total 137216K, used 117116K [0x0000000080000000, 0x0000000100000000)
  region size 1024K, 10 young (10240K), 2 survivors (2048K)
 Metaspace       used 110128K, committed 110912K, reserved 1179648K
  class space    used 14666K, committed 15040K, reserved 1048576K
}
Event: 70.898 GC heap after
{Heap after GC invocations=60 (full 0):
 garbage-first heap   total 137216K, used 110790K [0x0000000080000000, 0x0000000100000000)
  region size 1024K, 2 young (2048K), 2 survivors (2048K)
 Metaspace       used 110128K, committed 110912K, reserved 1179648K
  class space    used 14666K, committed 15040K, reserved 1048576K
}
Event: 71.488 GC heap before
{Heap before GC invocations=60 (full 0):
 garbage-first heap   total 137216K, used 117958K [0x0000000080000000, 0x0000000100000000)
  region size 1024K, 10 young (10240K), 2 survivors (2048K)
 Metaspace       used 111028K, committed 111808K, reserved 1179648K
  class space    used 14762K, committed 15104K, reserved 1048576K
}
Event: 71.491 GC heap after
{Heap after GC invocations=61 (full 0):
 garbage-first heap   total 164864K, used 111086K [0x0000000080000000, 0x0000000100000000)
  region size 1024K, 2 young (2048K), 2 survivors (2048K)
 Metaspace       used 111028K, committed 111808K, reserved 1179648K
  class space    used 14762K, committed 15104K, reserved 1048576K
}
Event: 72.656 GC heap before
{Heap before GC invocations=61 (full 0):
 garbage-first heap   total 164864K, used 138734K [0x0000000080000000, 0x0000000100000000)
  region size 1024K, 29 young (29696K), 2 survivors (2048K)
 Metaspace       used 114249K, committed 115008K, reserved 1179648K
  class space    used 15132K, committed 15488K, reserved 1048576K
}
Event: 72.659 GC heap after
{Heap after GC invocations=62 (full 0):
 garbage-first heap   total 164864K, used 112206K [0x0000000080000000, 0x0000000100000000)
  region size 1024K, 3 young (3072K), 3 survivors (3072K)
 Metaspace       used 114249K, committed 115008K, reserved 1179648K
  class space    used 15132K, committed 15488K, reserved 1048576K
}
Event: 73.941 GC heap before
{Heap before GC invocations=62 (full 0):
 garbage-first heap   total 164864K, used 139854K [0x0000000080000000, 0x0000000100000000)
  region size 1024K, 30 young (30720K), 3 survivors (3072K)
 Metaspace       used 116917K, committed 117696K, reserved 1179648K
  class space    used 15379K, committed 15744K, reserved 1048576K
}
Event: 73.948 GC heap after
{Heap after GC invocations=63 (full 0):
 garbage-first heap   total 164864K, used 114768K [0x0000000080000000, 0x0000000100000000)
  region size 1024K, 4 young (4096K), 4 survivors (4096K)
 Metaspace       used 116917K, committed 117696K, reserved 1179648K
  class space    used 15379K, committed 15744K, reserved 1048576K
}
Event: 74.722 GC heap before
{Heap before GC invocations=63 (full 0):
 garbage-first heap   total 164864K, used 135248K [0x0000000080000000, 0x0000000100000000)
  region size 1024K, 25 young (25600K), 4 survivors (4096K)
 Metaspace       used 119500K, committed 120256K, reserved 1179648K
  class space    used 15753K, committed 16128K, reserved 1048576K
}
Event: 74.727 GC heap after
{Heap after GC invocations=64 (full 0):
 garbage-first heap   total 164864K, used 115511K [0x0000000080000000, 0x0000000100000000)
  region size 1024K, 1 young (1024K), 1 survivors (1024K)
 Metaspace       used 119500K, committed 120256K, reserved 1179648K
  class space    used 15753K, committed 16128K, reserved 1048576K
}
Event: 75.485 GC heap before
{Heap before GC invocations=65 (full 0):
 garbage-first heap   total 203776K, used 137015K [0x0000000080000000, 0x0000000100000000)
  region size 1024K, 23 young (23552K), 1 survivors (1024K)
 Metaspace       used 122379K, committed 123136K, reserved 1179648K
  class space    used 16023K, committed 16384K, reserved 1048576K
}
Event: 75.488 GC heap after
{Heap after GC invocations=66 (full 0):
 garbage-first heap   total 203776K, used 116114K [0x0000000080000000, 0x0000000100000000)
  region size 1024K, 2 young (2048K), 2 survivors (2048K)
 Metaspace       used 122379K, committed 123136K, reserved 1179648K
  class space    used 16023K, committed 16384K, reserved 1048576K
}
Event: 75.716 GC heap before
{Heap before GC invocations=66 (full 0):
 garbage-first heap   total 203776K, used 122258K [0x0000000080000000, 0x0000000100000000)
  region size 1024K, 9 young (9216K), 2 survivors (2048K)
 Metaspace       used 123469K, committed 124224K, reserved 1179648K
  class space    used 16152K, committed 16512K, reserved 1048576K
}
Event: 75.719 GC heap after
{Heap after GC invocations=67 (full 0):
 garbage-first heap   total 203776K, used 114622K [0x0000000080000000, 0x0000000100000000)
  region size 1024K, 1 young (1024K), 1 survivors (1024K)
 Metaspace       used 123469K, committed 124224K, reserved 1179648K
  class space    used 16152K, committed 16512K, reserved 1048576K
}
Event: 79.426 GC heap before
{Heap before GC invocations=67 (full 0):
 garbage-first heap   total 203776K, used 172990K [0x0000000080000000, 0x0000000100000000)
  region size 1024K, 58 young (59392K), 1 survivors (1024K)
 Metaspace       used 131542K, committed 132352K, reserved 1179648K
  class space    used 17037K, committed 17408K, reserved 1048576K
}
Event: 79.431 GC heap after
{Heap after GC invocations=68 (full 0):
 garbage-first heap   total 203776K, used 116441K [0x0000000080000000, 0x0000000100000000)
  region size 1024K, 3 young (3072K), 3 survivors (3072K)
 Metaspace       used 131542K, committed 132352K, reserved 1179648K
  class space    used 17037K, committed 17408K, reserved 1048576K
}

Dll operation events (3 events):
Event: 0.169 Loaded shared library D:\ugm naila1\jbr\bin\java.dll
Event: 2.125 Loaded shared library D:\ugm naila1\jbr\bin\zip.dll
Event: 7.390 Loaded shared library D:\ugm naila1\jbr\bin\verify.dll

Deoptimization events (20 events):
Event: 79.031 Thread 0x000001fa098c2780 Uncommon trap: trap_request=0xffffffc6 fr.pc=0x000001fa74925458 relative=0x0000000000000218
Event: 79.031 Thread 0x000001fa098c2780 Uncommon trap: reason=bimorphic_or_optimized_type_check action=maybe_recompile pc=0x000001fa74925458 method=com.google.common.base.CharMatcher.indexIn(Ljava/lang/CharSequence;I)I @ 31 c2
Event: 79.031 Thread 0x000001fa098c2780 DEOPT PACKING pc=0x000001fa74925458 sp=0x0000002d9a9f87c0
Event: 79.031 Thread 0x000001fa098c2780 DEOPT UNPACKING pc=0x000001fa7422a1a3 sp=0x0000002d9a9f8768 mode 2
Event: 79.034 Thread 0x000001fa098c2780 Uncommon trap: trap_request=0xffffffc6 fr.pc=0x000001fa74925458 relative=0x0000000000000218
Event: 79.034 Thread 0x000001fa098c2780 Uncommon trap: reason=bimorphic_or_optimized_type_check action=maybe_recompile pc=0x000001fa74925458 method=com.google.common.base.CharMatcher.indexIn(Ljava/lang/CharSequence;I)I @ 31 c2
Event: 79.034 Thread 0x000001fa098c2780 DEOPT PACKING pc=0x000001fa74925458 sp=0x0000002d9a9f87c0
Event: 79.034 Thread 0x000001fa098c2780 DEOPT UNPACKING pc=0x000001fa7422a1a3 sp=0x0000002d9a9f8768 mode 2
Event: 79.059 Thread 0x000001fa098c2780 Uncommon trap: trap_request=0xffffffc6 fr.pc=0x000001fa74925458 relative=0x0000000000000218
Event: 79.059 Thread 0x000001fa098c2780 Uncommon trap: reason=bimorphic_or_optimized_type_check action=maybe_recompile pc=0x000001fa74925458 method=com.google.common.base.CharMatcher.indexIn(Ljava/lang/CharSequence;I)I @ 31 c2
Event: 79.059 Thread 0x000001fa098c2780 DEOPT PACKING pc=0x000001fa74925458 sp=0x0000002d9a9f8090
Event: 79.059 Thread 0x000001fa098c2780 DEOPT UNPACKING pc=0x000001fa7422a1a3 sp=0x0000002d9a9f8038 mode 2
Event: 79.497 Thread 0x000001fa098c2780 Uncommon trap: trap_request=0xffffffc6 fr.pc=0x000001fa74a37b1c relative=0x0000000000000c7c
Event: 79.497 Thread 0x000001fa098c2780 Uncommon trap: reason=bimorphic_or_optimized_type_check action=maybe_recompile pc=0x000001fa74a37b1c method=java.util.HashMap.computeIfAbsent(Ljava/lang/Object;Ljava/util/function/Function;)Ljava/lang/Object; @ 142 c2
Event: 79.497 Thread 0x000001fa098c2780 DEOPT PACKING pc=0x000001fa74a37b1c sp=0x0000002d9a9f6d70
Event: 79.497 Thread 0x000001fa098c2780 DEOPT UNPACKING pc=0x000001fa7422a1a3 sp=0x0000002d9a9f6d38 mode 2
Event: 79.529 Thread 0x000001fa098c2780 Uncommon trap: trap_request=0xffffffc6 fr.pc=0x000001fa74a37b1c relative=0x0000000000000c7c
Event: 79.529 Thread 0x000001fa098c2780 Uncommon trap: reason=bimorphic_or_optimized_type_check action=maybe_recompile pc=0x000001fa74a37b1c method=java.util.HashMap.computeIfAbsent(Ljava/lang/Object;Ljava/util/function/Function;)Ljava/lang/Object; @ 142 c2
Event: 79.529 Thread 0x000001fa098c2780 DEOPT PACKING pc=0x000001fa74a37b1c sp=0x0000002d9a9f6d70
Event: 79.529 Thread 0x000001fa098c2780 DEOPT UNPACKING pc=0x000001fa7422a1a3 sp=0x0000002d9a9f6d38 mode 2

Classes unloaded (0 events):
No events

Classes redefined (0 events):
No events

Internal exceptions (20 events):
Event: 72.121 Thread 0x000001fa098c2780 Implicit null exception at 0x000001fa74c0348f to 0x000001fa74c034c0
Event: 72.369 Thread 0x000001fa098c2780 Implicit null exception at 0x000001fa74b63d93 to 0x000001fa74b63ee8
Event: 73.987 Thread 0x000001fa098c2780 Exception <a 'java/lang/NoSuchMethodError'{0x0000000089e04f60}: 'java.lang.Object java.lang.invoke.DirectMethodHandle$Holder.newInvokeSpecial(java.lang.Object, java.lang.Object, java.lang.Object, int, int, java.lang.Object, java.lang.Object)'> (0x0000000089e04f60) 
thrown [s\src\hotspot\share\interpreter\linkResolver.cpp, line 771]
Event: 78.439 Thread 0x000001fa098c2780 Exception <a 'sun/nio/fs/WindowsException'{0x000000008999f5d8}> (0x000000008999f5d8) 
thrown [s\src\hotspot\share\prims\jni.cpp, line 531]
Event: 78.440 Thread 0x000001fa098c2780 Exception <a 'sun/nio/fs/WindowsException'{0x00000000899a11f0}> (0x00000000899a11f0) 
thrown [s\src\hotspot\share\prims\jni.cpp, line 531]
Event: 78.634 Thread 0x000001fa098c2780 Exception <a 'sun/nio/fs/WindowsException'{0x00000000898a1090}> (0x00000000898a1090) 
thrown [s\src\hotspot\share\prims\jni.cpp, line 531]
Event: 78.643 Thread 0x000001fa098c2780 Exception <a 'sun/nio/fs/WindowsException'{0x00000000898a12c8}> (0x00000000898a12c8) 
thrown [s\src\hotspot\share\prims\jni.cpp, line 531]
Event: 78.954 Thread 0x000001fa098c2780 Exception <a 'java/lang/NoSuchMethodError'{0x0000000089564498}: static Lorg/gradle/api/internal/catalog/DefaultVersionCatalog;.<clinit>()V> (0x0000000089564498) 
thrown [s\src\hotspot\share\prims\jni.cpp, line 1127]
Event: 78.967 Thread 0x000001fa098c2780 Exception <a 'java/lang/NoSuchMethodError'{0x00000000895b6e28}: static [Ljava/lang/Object;.<clinit>()V> (0x00000000895b6e28) 
thrown [s\src\hotspot\share\prims\jni.cpp, line 1127]
Event: 78.972 Thread 0x000001fa098c2780 Exception <a 'java/lang/NoSuchMethodError'{0x00000000895ec730}: static Lorg/gradle/api/internal/catalog/DependencyModel;.<clinit>()V> (0x00000000895ec730) 
thrown [s\src\hotspot\share\prims\jni.cpp, line 1127]
Event: 78.973 Thread 0x000001fa098c2780 Exception <a 'java/lang/NoSuchMethodError'{0x00000000895f0190}: static Lorg/gradle/api/internal/catalog/AbstractContextAwareModel;.<clinit>()V> (0x00000000895f0190) 
thrown [s\src\hotspot\share\prims\jni.cpp, line 1127]
Event: 78.975 Thread 0x000001fa098c2780 Exception <a 'java/lang/NoSuchMethodError'{0x000000008940a140}: static Lorg/gradle/api/internal/artifacts/dependencies/AbstractVersionConstraint;.<clinit>()V> (0x000000008940a140) 
thrown [s\src\hotspot\share\prims\jni.cpp, line 1127]
Event: 79.002 Thread 0x000001fa098c2780 Exception <a 'java/lang/NoSuchMethodError'{0x000000008946a908}: static Lorg/gradle/api/internal/catalog/PluginModel;.<clinit>()V> (0x000000008946a908) 
thrown [s\src\hotspot\share\prims\jni.cpp, line 1127]
Event: 79.004 Thread 0x000001fa098c2780 Exception <a 'java/lang/NoSuchMethodError'{0x0000000089481b88}: static Lorg/gradle/api/internal/catalog/VersionModel;.<clinit>()V> (0x0000000089481b88) 
thrown [s\src\hotspot\share\prims\jni.cpp, line 1127]
Event: 79.204 Thread 0x000001fa098c2780 Exception <a 'java/lang/NoSuchMethodError'{0x0000000089035bb0}: 'int java.lang.invoke.DirectMethodHandle$Holder.invokeSpecialIFC(java.lang.Object, java.lang.Object, java.lang.Object)'> (0x0000000089035bb0) 
thrown [s\src\hotspot\share\interpreter\linkResolver.cpp, line 771]
Event: 79.373 Thread 0x000001fa098c2780 Exception <a 'java/lang/NoSuchMethodError'{0x0000000088de06a0}: 'java.lang.Object java.lang.invoke.DirectMethodHandle$Holder.newInvokeSpecial(java.lang.Object, java.lang.Object, java.lang.Object, java.lang.Object, java.lang.Object, int)'> (0x0000000088de06a0) 
thrown [s\src\hotspot\share\interpreter\linkResolver.cpp, line 771]
Event: 79.373 Thread 0x000001fa098c2780 Exception <a 'java/lang/NoSuchMethodError'{0x0000000088de5d58}: 'java.lang.Object java.lang.invoke.DirectMethodHandle$Holder.invokeSpecial(java.lang.Object, java.lang.Object, java.lang.Object, java.lang.Object, java.lang.Object, java.lang.Object, int)'> (0x0000000088de5d58) 
thrown [s\src\hotspot\share\interpreter\linkResolver.cpp, line 771]
Event: 79.374 Thread 0x000001fa098c2780 Exception <a 'java/lang/NoSuchMethodError'{0x0000000088dead98}: 'java.lang.Object java.lang.invoke.Invokers$Holder.linkToTargetMethod(java.lang.Object, java.lang.Object, java.lang.Object, java.lang.Object, int, java.lang.Object)'> (0x0000000088dead98) 
thrown [s\src\hotspot\share\interpreter\linkResolver.cpp, line 771]
Event: 79.384 Thread 0x000001fa098c2780 Exception <a 'java/lang/NoSuchMethodError'{0x0000000088c1ea70}: 'java.lang.Object java.lang.invoke.DirectMethodHandle$Holder.invokeSpecial(java.lang.Object, java.lang.Object, java.lang.Object, java.lang.Object, java.lang.Object, long)'> (0x0000000088c1ea70) 
thrown [s\src\hotspot\share\interpreter\linkResolver.cpp, line 771]
Event: 79.388 Thread 0x000001fa098c2780 Exception <a 'java/lang/NoSuchMethodError'{0x0000000088c41688}: 'void java.lang.invoke.DirectMethodHandle$Holder.invokeStatic(java.lang.Object, java.lang.Object, java.lang.Object, int, java.lang.Object)'> (0x0000000088c41688) 
thrown [s\src\hotspot\share\interpreter\linkResolver.cpp, line 771]

VM Operations (20 events):
Event: 75.795 Executing VM operation: HandshakeAllThreads
Event: 75.795 Executing VM operation: HandshakeAllThreads done
Event: 76.488 Executing VM operation: HandshakeAllThreads
Event: 76.488 Executing VM operation: HandshakeAllThreads done
Event: 76.818 Executing VM operation: HandshakeAllThreads
Event: 76.818 Executing VM operation: HandshakeAllThreads done
Event: 76.818 Executing VM operation: Cleanup
Event: 76.818 Executing VM operation: Cleanup done
Event: 77.643 Executing VM operation: HandshakeAllThreads
Event: 77.643 Executing VM operation: HandshakeAllThreads done
Event: 78.647 Executing VM operation: Cleanup
Event: 78.667 Executing VM operation: Cleanup done
Event: 78.959 Executing VM operation: HandshakeAllThreads
Event: 78.959 Executing VM operation: HandshakeAllThreads done
Event: 79.426 Executing VM operation: G1CollectForAllocation
Event: 79.431 Executing VM operation: G1CollectForAllocation done
Event: 79.617 Executing VM operation: G1PauseRemark
Event: 79.634 Executing VM operation: G1PauseRemark done
Event: 79.721 Executing VM operation: G1PauseCleanup
Event: 79.721 Executing VM operation: G1PauseCleanup done

Events (20 events):
Event: 69.805 Thread 0x000001fa7efa6cb0 flushing nmethod 0x000001fa6dbfe910
Event: 69.805 Thread 0x000001fa7efa6cb0 flushing nmethod 0x000001fa6dbff790
Event: 69.805 Thread 0x000001fa7efa6cb0 flushing nmethod 0x000001fa6dc3a790
Event: 69.805 Thread 0x000001fa7efa6cb0 flushing nmethod 0x000001fa6dca1090
Event: 69.805 Thread 0x000001fa7efa6cb0 flushing nmethod 0x000001fa6dca1810
Event: 69.806 Thread 0x000001fa7efa6cb0 flushing nmethod 0x000001fa6dcf7290
Event: 70.363 Thread 0x000001fa0ae29cb0 Thread added: 0x000001fa0ae29cb0
Event: 71.294 Thread 0x000001fa0ae29cb0 Thread exited: 0x000001fa0ae29cb0
Event: 72.925 Thread 0x000001fa0ae257a0 Thread added: 0x000001fa0ae257a0
Event: 73.935 Thread 0x000001fa0ae257a0 Thread exited: 0x000001fa0ae257a0
Event: 75.767 Thread 0x000001fa096cb940 Thread exited: 0x000001fa096cb940
Event: 78.152 loading class java/util/Vector$Itr
Event: 78.152 loading class java/util/Vector$Itr done
Event: 78.939 loading class java/io/ObjectOutputStream$BlockDataOutputStream
Event: 78.942 loading class java/io/ObjectOutputStream$BlockDataOutputStream done
Event: 78.942 loading class java/io/ObjectOutputStream$HandleTable
Event: 78.942 loading class java/io/ObjectOutputStream$HandleTable done
Event: 78.942 loading class java/io/ObjectOutputStream$ReplaceTable
Event: 78.942 loading class java/io/ObjectOutputStream$ReplaceTable done
Event: 79.608 Thread 0x000001fa0d669c30 Thread added: 0x000001fa0d669c30


Dynamic libraries:
0x00007ff771a70000 - 0x00007ff771a7a000 	D:\ugm naila1\jbr\bin\java.exe
0x00007fff80c70000 - 0x00007fff80e87000 	C:\WINDOWS\SYSTEM32\ntdll.dll
0x00007fff7f750000 - 0x00007fff7f814000 	C:\WINDOWS\System32\KERNEL32.DLL
0x00007fff7df40000 - 0x00007fff7e2fa000 	C:\WINDOWS\System32\KERNELBASE.dll
0x00007fff7e450000 - 0x00007fff7e561000 	C:\WINDOWS\System32\ucrtbase.dll
0x00007fff75cf0000 - 0x00007fff75d0b000 	D:\ugm naila1\jbr\bin\VCRUNTIME140.dll
0x00007fff73b00000 - 0x00007fff73b17000 	D:\ugm naila1\jbr\bin\jli.dll
0x00007fff80a10000 - 0x00007fff80bbe000 	C:\WINDOWS\System32\USER32.dll
0x00007fff7e8a0000 - 0x00007fff7e8c6000 	C:\WINDOWS\System32\win32u.dll
0x00007fff7f8f0000 - 0x00007fff7f919000 	C:\WINDOWS\System32\GDI32.dll
0x00007fff7e330000 - 0x00007fff7e44b000 	C:\WINDOWS\System32\gdi32full.dll
0x00007fff7e8d0000 - 0x00007fff7e96a000 	C:\WINDOWS\System32\msvcp_win.dll
0x00007fff6f450000 - 0x00007fff6f6e2000 	C:\WINDOWS\WinSxS\amd64_microsoft.windows.common-controls_6595b64144ccf1df_6.0.22621.4541_none_2710d1c57384c085\COMCTL32.dll
0x00007fff7e980000 - 0x00007fff7ea27000 	C:\WINDOWS\System32\msvcrt.dll
0x00007fff7f820000 - 0x00007fff7f851000 	C:\WINDOWS\System32\IMM32.DLL
0x00007fff77610000 - 0x00007fff7761c000 	D:\ugm naila1\jbr\bin\vcruntime140_1.dll
0x00007fff03220000 - 0x00007fff032ad000 	D:\ugm naila1\jbr\bin\msvcp140.dll
0x00007ffee17c0000 - 0x00007ffee2443000 	D:\ugm naila1\jbr\bin\server\jvm.dll
0x00007fff7f610000 - 0x00007fff7f6c2000 	C:\WINDOWS\System32\ADVAPI32.dll
0x00007fff7f4d0000 - 0x00007fff7f577000 	C:\WINDOWS\System32\sechost.dll
0x00007fff7e300000 - 0x00007fff7e328000 	C:\WINDOWS\System32\bcrypt.dll
0x00007fff7f240000 - 0x00007fff7f354000 	C:\WINDOWS\System32\RPCRT4.dll
0x00007fff613c0000 - 0x00007fff613c9000 	C:\WINDOWS\SYSTEM32\WSOCK32.dll
0x00007fff7f6d0000 - 0x00007fff7f741000 	C:\WINDOWS\System32\WS2_32.dll
0x00007fff782c0000 - 0x00007fff782f4000 	C:\WINDOWS\SYSTEM32\WINMM.dll
0x00007fff77f30000 - 0x00007fff77f3a000 	C:\WINDOWS\SYSTEM32\VERSION.dll
0x00007fff7de10000 - 0x00007fff7de5d000 	C:\WINDOWS\SYSTEM32\POWRPROF.dll
0x00007fff7ddf0000 - 0x00007fff7de03000 	C:\WINDOWS\SYSTEM32\UMPDC.dll
0x00007fff7cf80000 - 0x00007fff7cf98000 	C:\WINDOWS\SYSTEM32\kernel.appcore.dll
0x00007fff783d0000 - 0x00007fff783da000 	D:\ugm naila1\jbr\bin\jimage.dll
0x00007fff7b7a0000 - 0x00007fff7b9d2000 	C:\WINDOWS\SYSTEM32\DBGHELP.DLL
0x00007fff7eae0000 - 0x00007fff7ee6f000 	C:\WINDOWS\System32\combase.dll
0x00007fff7f160000 - 0x00007fff7f237000 	C:\WINDOWS\System32\OLEAUT32.dll
0x00007fff77110000 - 0x00007fff77142000 	C:\WINDOWS\SYSTEM32\dbgcore.DLL
0x00007fff7e7a0000 - 0x00007fff7e81b000 	C:\WINDOWS\System32\bcryptPrimitives.dll
0x00007fff73b20000 - 0x00007fff73b2e000 	D:\ugm naila1\jbr\bin\instrument.dll
0x00007fff766f0000 - 0x00007fff76715000 	D:\ugm naila1\jbr\bin\java.dll
0x00007fff76c10000 - 0x00007fff76c28000 	D:\ugm naila1\jbr\bin\zip.dll
0x00007fff7feb0000 - 0x00007fff80728000 	C:\WINDOWS\System32\SHELL32.dll
0x00007fff7be80000 - 0x00007fff7c788000 	C:\WINDOWS\SYSTEM32\windows.storage.dll
0x00007fff7bd40000 - 0x00007fff7be7f000 	C:\WINDOWS\SYSTEM32\wintypes.dll
0x00007fff80730000 - 0x00007fff8082a000 	C:\WINDOWS\System32\SHCORE.dll
0x00007fff7f880000 - 0x00007fff7f8de000 	C:\WINDOWS\System32\shlwapi.dll
0x00007fff7de70000 - 0x00007fff7de9b000 	C:\WINDOWS\SYSTEM32\profapi.dll
0x00007fff766d0000 - 0x00007fff766e9000 	D:\ugm naila1\jbr\bin\net.dll
0x00007fff77b80000 - 0x00007fff77cb6000 	C:\WINDOWS\SYSTEM32\WINHTTP.dll
0x00007fff7d400000 - 0x00007fff7d469000 	C:\WINDOWS\system32\mswsock.dll
0x00007fff762c0000 - 0x00007fff762d6000 	D:\ugm naila1\jbr\bin\nio.dll
0x00007fff73b30000 - 0x00007fff73b40000 	D:\ugm naila1\jbr\bin\verify.dll
0x00007fff77700000 - 0x00007fff77727000 	C:\Users\Azmie Alyaa Khairani\.gradle\native\c067742578af261105cb4f569cf0c3c89f3d7b1fecec35dd04571415982c5e48\windows-amd64\native-platform.dll
0x00007ffef2c90000 - 0x00007ffef2dd4000 	C:\Users\Azmie Alyaa Khairani\.gradle\native\38dada09dfb8b06ba9b0570ebf7e218e3eb74d4ef43ca46872605cf95ebc2f47\windows-amd64\native-platform-file-events.dll
0x00007fff73b80000 - 0x00007fff73b89000 	D:\ugm naila1\jbr\bin\management.dll
0x00007fff73b70000 - 0x00007fff73b7b000 	D:\ugm naila1\jbr\bin\management_ext.dll
0x00007fff80bc0000 - 0x00007fff80bc8000 	C:\WINDOWS\System32\PSAPI.DLL
0x00007fff7d650000 - 0x00007fff7d66b000 	C:\WINDOWS\SYSTEM32\CRYPTSP.dll
0x00007fff7cee0000 - 0x00007fff7cf15000 	C:\WINDOWS\system32\rsaenh.dll
0x00007fff7d4f0000 - 0x00007fff7d518000 	C:\WINDOWS\SYSTEM32\USERENV.dll
0x00007fff7d670000 - 0x00007fff7d67c000 	C:\WINDOWS\SYSTEM32\CRYPTBASE.dll
0x00007fff7c9f0000 - 0x00007fff7ca1d000 	C:\WINDOWS\SYSTEM32\IPHLPAPI.DLL
0x00007fff7f8e0000 - 0x00007fff7f8e9000 	C:\WINDOWS\System32\NSI.dll
0x00007fff77e10000 - 0x00007fff77e29000 	C:\WINDOWS\SYSTEM32\dhcpcsvc6.DLL
0x00007fff77df0000 - 0x00007fff77e0f000 	C:\WINDOWS\SYSTEM32\dhcpcsvc.DLL
0x00007fff7ca60000 - 0x00007fff7cb62000 	C:\WINDOWS\SYSTEM32\DNSAPI.dll
0x00007fff73b90000 - 0x00007fff73b99000 	D:\ugm naila1\jbr\bin\extnet.dll
0x00007fff59dc0000 - 0x00007fff59dc8000 	C:\WINDOWS\system32\wshunix.dll

dbghelp: loaded successfully - version: 4.0.5 - missing functions: none
symbol engine: initialized successfully - sym options: 0x614 - pdb path: .;D:\ugm naila1\jbr\bin;C:\WINDOWS\SYSTEM32;C:\WINDOWS\WinSxS\amd64_microsoft.windows.common-controls_6595b64144ccf1df_6.0.22621.4541_none_2710d1c57384c085;D:\ugm naila1\jbr\bin\server;C:\Users\Azmie Alyaa Khairani\.gradle\native\c067742578af261105cb4f569cf0c3c89f3d7b1fecec35dd04571415982c5e48\windows-amd64;C:\Users\Azmie Alyaa Khairani\.gradle\native\38dada09dfb8b06ba9b0570ebf7e218e3eb74d4ef43ca46872605cf95ebc2f47\windows-amd64

VM Arguments:
jvm_args: --add-opens=java.base/java.util=ALL-UNNAMED --add-opens=java.base/java.lang=ALL-UNNAMED --add-opens=java.base/java.lang.invoke=ALL-UNNAMED --add-opens=java.prefs/java.util.prefs=ALL-UNNAMED --add-opens=java.base/java.nio.charset=ALL-UNNAMED --add-opens=java.base/java.net=ALL-UNNAMED --add-opens=java.base/java.util.concurrent.atomic=ALL-UNNAMED -Xmx2048m -Dfile.encoding=UTF-8 -Duser.country=US -Duser.language=en -Duser.variant -javaagent:C:\Users\Azmie Alyaa Khairani\.gradle\wrapper\dists\gradle-8.7-bin\bhs2wmbdwecv87pi65oeuq5iu\gradle-8.7\lib\agents\gradle-instrumentation-agent-8.7.jar 
java_command: org.gradle.launcher.daemon.bootstrap.GradleDaemon 8.7
java_class_path (initial): C:\Users\Azmie Alyaa Khairani\.gradle\wrapper\dists\gradle-8.7-bin\bhs2wmbdwecv87pi65oeuq5iu\gradle-8.7\lib\gradle-launcher-8.7.jar
Launcher Type: SUN_STANDARD

[Global flags]
     intx CICompilerCount                          = 3                                         {product} {ergonomic}
     uint ConcGCThreads                            = 1                                         {product} {ergonomic}
     uint G1ConcRefinementThreads                  = 4                                         {product} {ergonomic}
   size_t G1HeapRegionSize                         = 1048576                                   {product} {ergonomic}
    uintx GCDrainStackTargetSize                   = 64                                        {product} {ergonomic}
   size_t InitialHeapSize                          = 130023424                                 {product} {ergonomic}
   size_t MarkStackSize                            = 4194304                                   {product} {ergonomic}
   size_t MaxHeapSize                              = 2147483648                                {product} {command line}
   size_t MaxNewSize                               = 1287651328                                {product} {ergonomic}
   size_t MinHeapDeltaBytes                        = 1048576                                   {product} {ergonomic}
   size_t MinHeapSize                              = 8388608                                   {product} {ergonomic}
    uintx NonNMethodCodeHeapSize                   = 5832780                                {pd product} {ergonomic}
    uintx NonProfiledCodeHeapSize                  = 122912730                              {pd product} {ergonomic}
    uintx ProfiledCodeHeapSize                     = 122912730                              {pd product} {ergonomic}
    uintx ReservedCodeCacheSize                    = 251658240                              {pd product} {ergonomic}
     bool SegmentedCodeCache                       = true                                      {product} {ergonomic}
   size_t SoftMaxHeapSize                          = 2147483648                             {manageable} {ergonomic}
     bool UseCompressedClassPointers               = true                           {product lp64_product} {ergonomic}
     bool UseCompressedOops                        = true                           {product lp64_product} {ergonomic}
     bool UseG1GC                                  = true                                      {product} {ergonomic}
     bool UseLargePagesIndividualAllocation        = false                                  {pd product} {ergonomic}

Logging:
Log output configuration:
 #0: stdout all=warning uptime,level,tags
 #1: stderr all=off uptime,level,tags

Environment Variables:
PATH=C:\Program Files\Common Files\Oracle\Java\javapath;D:\oracle\dbhomeXE\bin;C:\Program Files (x86)\Common Files\Intel\Shared Libraries\redist\intel64\compiler;C:\WINDOWS\system32;C:\WINDOWS;C:\WINDOWS\System32\Wbem;C:\WINDOWS\System32\WindowsPowerShell\v1.0\;C:\WINDOWS\System32\OpenSSH\;C:\Program Files (x86)\Git\cmd;D:\xampp\php;C:\ProgramData\ComposerSetup\bin;C:\Users\Azmie Alyaa Khairani\AppData\Local\Microsoft\WindowsApps;;C:\Users\Azmie Alyaa Khairani\Documents\ugm naila\Microsoft VS Code\bin;C:\Users\Azmie Alyaa Khairani\AppData\Roaming\Composer\vendor\bin
USERNAME=Azmie Alyaa Khairani
OS=Windows_NT
PROCESSOR_IDENTIFIER=Intel64 Family 6 Model 126 Stepping 5, GenuineIntel
TMP=C:\Users\AZMIEA~1\AppData\Local\Temp
TEMP=C:\Users\AZMIEA~1\AppData\Local\Temp



Periodic native trim disabled

JNI global refs:
JNI global refs: 26, weak refs: 3

JNI global refs memory usage: 843, weak refs: 841

Process memory usage:
Resident Set Size: 490616K (6% of 8123192K total physical memory with 466224K free physical memory)

OOME stack traces (most recent first):
Classloader memory used:
Loader org.gradle.internal.classloader.VisitableURLClassLoader                         : 11385K
Loader bootstrap                                                                       : 2581K
Loader org.gradle.initialization.MixInLegacyTypesClassLoader                           : 1097K
Loader jdk.internal.loader.ClassLoaders$AppClassLoader                                 : 1019K
Loader org.gradle.internal.classloader.VisitableURLClassLoader                         : 121K
Loader org.gradle.internal.classloader.VisitableURLClassLoader$InstrumentingVisitableURLClassLoader: 90540B
Loader jdk.internal.loader.ClassLoaders$PlatformClassLoader                            : 88899B
Loader jdk.internal.jrtfs.JrtFileSystemProvider$JrtFsLoader                            : 41230B
Loader jdk.internal.reflect.DelegatingClassLoader                                      : 36566B
Loader org.gradle.groovy.scripts.internal.DefaultScriptCompilationHandler$ScriptClassLoader: 10811B
Loader org.codehaus.groovy.runtime.callsite.CallSiteClassLoader                        : 5965B

Classes loaded by more than one classloader:
Class org.gradle.internal.Cast                                                        : loaded 3 times (x 69B)
Class Program                                                                         : loaded 3 times (x 70B)
Class org.gradle.api.GradleException                                                  : loaded 3 times (x 80B)
Class org.gradle.internal.classpath.ClassPath                                         : loaded 2 times (x 68B)
Class org.gradle.api.internal.classpath.DefaultModuleRegistry                         : loaded 2 times (x 84B)
Class org.gradle.internal.exceptions.NonGradleCauseExceptionsHolder                   : loaded 2 times (x 68B)
Class Settings_gradle$1$1                                                             : loaded 2 times (x 72B)
Class jdk.internal.jimage.BasicImageReader$1                                          : loaded 2 times (x 75B)
Class org.gradle.api.Action                                                           : loaded 2 times (x 68B)
Class org.jetbrains.kotlin.idea.gradleTooling.model.samWithReceiver.SamWithReceiverModel: loaded 2 times (x 68B)
Class org.jetbrains.plugins.gradle.model.ExternalProject                              : loaded 2 times (x 68B)
Class org.jetbrains.plugins.gradle.model.IntelliJSettings                             : loaded 2 times (x 68B)
Class jdk.internal.jimage.ImageBufferCache$1                                          : loaded 2 times (x 78B)
Class jdk.internal.jimage.ImageBufferCache$2                                          : loaded 2 times (x 89B)
Class org.jetbrains.kotlin.idea.gradleTooling.KotlinMPPGradleModel                    : loaded 2 times (x 68B)
Class org.gradle.api.internal.DefaultClassPathProvider                                : loaded 2 times (x 74B)
Class org.gradle.internal.installation.GradleInstallation$1                           : loaded 2 times (x 73B)
Class jdk.internal.jrtfs.SystemImage$1                                                : loaded 2 times (x 76B)
Class jdk.internal.jrtfs.SystemImage$2                                                : loaded 2 times (x 74B)
Class org.gradle.internal.exceptions.DefaultMultiCauseException                       : loaded 2 times (x 93B)
Class org.gradle.tooling.model.UnsupportedMethodException                             : loaded 2 times (x 80B)
Class org.gradle.internal.time.MonotonicClock                                         : loaded 2 times (x 75B)
Class org.gradle.internal.classloader.FilteringClassLoader                            : loaded 2 times (x 103B)
Class jdk.internal.jimage.ImageReader$Resource                                        : loaded 2 times (x 82B)
Class jdk.internal.jrtfs.SystemImage                                                  : loaded 2 times (x 72B)
Class org.gradle.tooling.model.Model                                                  : loaded 2 times (x 68B)
Class org.gradle.internal.classpath.DefaultClassPath$ImmutableUniqueList$Builder      : loaded 2 times (x 73B)
Class org.jetbrains.kotlin.idea.gradleTooling.KotlinSourceSetContainer                : loaded 2 times (x 68B)
Class jdk.internal.jrtfs.JrtDirectoryStream$1                                         : loaded 2 times (x 81B)
Class org.gradle.internal.classloader.ClassLoaderVisitor                              : loaded 2 times (x 74B)
Class org.gradle.internal.time.DefaultCountdownTimer                                  : loaded 2 times (x 86B)
Class org.gradle.internal.service.DefaultServiceLocator                               : loaded 2 times (x 81B)
Class org.jetbrains.plugins.gradle.model.jar.JarTaskManifestConfiguration             : loaded 2 times (x 68B)
Class org.gradle.internal.service.UnknownServiceException                             : loaded 2 times (x 81B)
Class org.jetbrains.plugins.gradle.model.DependencyAccessorsModel                     : loaded 2 times (x 68B)
Class org.gradle.internal.classloader.DefaultClassLoaderFactory                       : loaded 2 times (x 80B)
Class jdk.internal.jimage.ImageReader$SharedImageReader                               : loaded 2 times (x 93B)
Class org.jetbrains.plugins.gradle.model.GradleExtensions                             : loaded 2 times (x 68B)
Class jdk.internal.jimage.decompressor.ZipDecompressorFactory                         : loaded 2 times (x 72B)
Class org.jetbrains.plugins.gradle.model.VersionCatalogsModel                         : loaded 2 times (x 68B)
Class org.gradle.internal.classloader.VisitableURLClassLoader$Spec                    : loaded 2 times (x 72B)
Class org.gradle.tooling.model.ProjectModel                                           : loaded 2 times (x 68B)
Class org.jetbrains.plugins.gradle.model.MavenRepositoryModel                         : loaded 2 times (x 68B)
Class org.gradle.tooling.internal.gradle.DefaultProjectIdentifier                     : loaded 2 times (x 84B)
Class org.gradle.api.internal.classpath.ModuleRegistry                                : loaded 2 times (x 68B)
Class org.jetbrains.plugins.gradle.model.RepositoriesModel                            : loaded 2 times (x 68B)
Class org.gradle.util.GradleVersion                                                   : loaded 2 times (x 81B)
Class org.gradle.api.internal.ClassPathProvider                                       : loaded 2 times (x 68B)
Class org.gradle.internal.classloader.ClasspathUtil$1                                 : loaded 2 times (x 74B)
Class sync_studio_tooling20377_aaa57kz6uvsok5b4t8ilpp7u$_run_closure1                 : loaded 2 times (x 137B)
Class org.gradle.internal.classloader.ClassLoaderFactory                              : loaded 2 times (x 68B)
Class jdk.internal.jimage.ImageHeader                                                 : loaded 2 times (x 69B)
Class org.gradle.api.internal.classpath.ManifestUtil                                  : loaded 2 times (x 69B)
Class org.gradle.api.specs.Spec                                                       : loaded 2 times (x 68B)
Class org.gradle.tooling.internal.gradle.GradleBuildIdentity                          : loaded 2 times (x 68B)
Class org.gradle.internal.IoActions                                                   : loaded 2 times (x 69B)
Class jdk.internal.jimage.decompressor.StringSharingDecompressorFactory               : loaded 2 times (x 72B)
Class org.gradle.api.internal.classpath.EffectiveClassPath                            : loaded 2 times (x 88B)
Class kotlin.jvm.internal.DefaultConstructorMarker                                    : loaded 2 times (x 69B)
Class jdk.internal.jimage.ImageReader$LinkNode                                        : loaded 2 times (x 82B)
Class org.gradle.internal.exceptions.ResolutionProvider                               : loaded 2 times (x 68B)
Class org.jetbrains.kotlin.idea.gradleTooling.model.annotation.AnnotationBasedPluginModel: loaded 2 times (x 68B)
Class org.jetbrains.kotlin.idea.gradleTooling.model.assignment.AssignmentModel        : loaded 2 times (x 68B)
Class org.gradle.internal.installation.CurrentGradleInstallation                      : loaded 2 times (x 71B)
Class org.gradle.internal.agents.InstrumentingClassLoader                             : loaded 2 times (x 68B)
Class org.gradle.internal.installation.CurrentGradleInstallationLocator               : loaded 2 times (x 69B)
Class org.gradle.api.internal.classpath.Module                                        : loaded 2 times (x 68B)
Class org.gradle.internal.service.CachingServiceLocator                               : loaded 2 times (x 80B)
Class org.gradle.internal.time.Timer                                                  : loaded 2 times (x 68B)
Class org.jetbrains.kotlin.idea.gradleTooling.KotlinDslScriptAdditionalTask           : loaded 2 times (x 68B)
Class org.jetbrains.plugins.gradle.model.tests.ExternalTestsModel                     : loaded 2 times (x 68B)
Class org.gradle.internal.classpath.DefaultClassPath                                  : loaded 2 times (x 88B)
Class jdk.internal.jimage.BasicImageReader                                            : loaded 2 times (x 93B)
Class com.intellij.openapi.externalSystem.model.project.dependencies.ProjectDependencies: loaded 2 times (x 68B)
Class org.jetbrains.kotlin.idea.gradleTooling.PrepareKotlinIdeImportTaskModel         : loaded 2 times (x 68B)
Class jdk.internal.jimage.ImageLocation                                               : loaded 2 times (x 88B)
Class org.gradle.internal.impldep.com.google.common.base.Preconditions                : loaded 2 times (x 69B)
Class kotlin.jvm.functions.Function1                                                  : loaded 2 times (x 68B)
Class jdk.internal.jimage.ImageReader$Node                                            : loaded 2 times (x 82B)
Class org.gradle.internal.time.Time                                                   : loaded 2 times (x 69B)
Class jdk.internal.jimage.decompressor.CompressedResourceHeader                       : loaded 2 times (x 69B)
Class org.gradle.internal.time.TimeSource$1                                           : loaded 2 times (x 75B)
Class jdk.internal.jrtfs.JrtPath                                                      : loaded 2 times (x 116B)
Class jdk.internal.jimage.ImageStrings                                                : loaded 2 times (x 68B)
Class sync_studio_tooling20377_aaa57kz6uvsok5b4t8ilpp7u                               : loaded 2 times (x 177B)
Class jdk.internal.jrtfs.JrtFileAttributes                                            : loaded 2 times (x 81B)
Class org.gradle.internal.classloader.SystemClassLoaderSpec                           : loaded 2 times (x 69B)
Class jdk.internal.jimage.decompressor.ResourceDecompressorRepository                 : loaded 2 times (x 69B)
Class kotlin.Function                                                                 : loaded 2 times (x 68B)
Class org.gradle.api.UncheckedIOException                                             : loaded 2 times (x 80B)
Class jdk.internal.jimage.decompressor.ResourceDecompressor$StringsProvider           : loaded 2 times (x 68B)
Class kotlin.jvm.internal.markers.KMappedMarker                                       : loaded 2 times (x 68B)
Class jdk.internal.jimage.decompressor.Decompressor                                   : loaded 2 times (x 70B)
Class jdk.internal.jrtfs.JrtFileSystem                                                : loaded 2 times (x 100B)
Class org.gradle.tooling.internal.gradle.GradleProjectIdentity                        : loaded 2 times (x 68B)
Class jdk.internal.jrtfs.JrtFileSystemProvider                                        : loaded 2 times (x 97B)
Class org.gradle.internal.time.CountdownTimer                                         : loaded 2 times (x 68B)
Class org.gradle.internal.time.Clock                                                  : loaded 2 times (x 68B)
Class org.gradle.internal.classloader.ClasspathUtil                                   : loaded 2 times (x 69B)
Class jdk.internal.jrtfs.JrtDirectoryStream                                           : loaded 2 times (x 87B)
Class org.gradle.tooling.model.BuildIdentifier                                        : loaded 2 times (x 68B)
Class jdk.internal.jimage.decompressor.ResourceDecompressor                           : loaded 2 times (x 68B)
Class org.gradle.api.internal.DefaultClassPathRegistry                                : loaded 2 times (x 74B)
Class org.gradle.api.internal.classpath.DefaultModuleRegistry$DefaultModule           : loaded 2 times (x 84B)
Class org.gradle.internal.time.TimeSource                                             : loaded 2 times (x 68B)
Class org.jetbrains.kotlin.android.synthetic.idea.AndroidExtensionsGradleModel        : loaded 2 times (x 68B)
Class org.gradle.api.internal.classpath.UnknownModuleException                        : loaded 2 times (x 80B)
Class org.jetbrains.plugins.gradle.model.IntelliJProjectSettings                      : loaded 2 times (x 68B)
Class org.gradle.internal.service.ServiceLookupException                              : loaded 2 times (x 80B)
Class jdk.internal.jimage.ImageStringsReader                                          : loaded 2 times (x 78B)
Class org.gradle.cache.GlobalCache                                                    : loaded 2 times (x 68B)
Class jdk.internal.jimage.decompressor.ResourceDecompressorFactory                    : loaded 2 times (x 72B)
Class org.jetbrains.kotlin.idea.gradleTooling.model.lombok.LombokModel                : loaded 2 times (x 68B)
Class org.gradle.tooling.model.ProjectIdentifier                                      : loaded 2 times (x 68B)
Class [Lorg.gradle.api.internal.ClassPathProvider;                                    : loaded 2 times (x 67B)
Class jdk.internal.jimage.ImageReader$SharedImageReader$LocationVisitor               : loaded 2 times (x 68B)
Class org.gradle.internal.operations.MultipleBuildOperationFailures                   : loaded 2 times (x 93B)
Class org.gradle.util.internal.GUtil                                                  : loaded 2 times (x 69B)
Class jdk.internal.jimage.decompressor.ZipDecompressor                                : loaded 2 times (x 73B)
Class org.jetbrains.plugins.gradle.model.AnnotationProcessingModel                    : loaded 2 times (x 68B)
Class org.gradle.internal.classloader.ClassLoaderSpec                                 : loaded 2 times (x 69B)
Class ijInit2_baf7dcl5lkeq3zj8sbfcz2brq                                               : loaded 2 times (x 177B)
Class org.gradle.internal.classloader.VisitableURLClassLoader                         : loaded 2 times (x 115B)
Class org.gradle.internal.installation.GradleInstallation                             : loaded 2 times (x 73B)
Class org.gradle.api.internal.ClassPathRegistry                                       : loaded 2 times (x 68B)
Class org.gradle.internal.classloader.VisitableURLClassLoader$InstrumentingVisitableURLClassLoader: loaded 2 times (x 121B)
Class org.gradle.internal.classloader.ClassLoaderHierarchy                            : loaded 2 times (x 68B)
Class org.gradle.internal.exceptions.MultiCauseException                              : loaded 2 times (x 68B)
Class jdk.internal.jimage.ImageReader                                                 : loaded 2 times (x 73B)
Class org.jetbrains.kotlin.idea.gradleTooling.model.parcelize.ParcelizeGradleModel    : loaded 2 times (x 68B)
Class org.gradle.internal.InternalTransformer                                         : loaded 2 times (x 68B)
Class org.jetbrains.kotlin.idea.gradleTooling.model.noarg.NoArgModel                  : loaded 2 times (x 68B)
Class org.jetbrains.kotlin.idea.gradleTooling.KotlinGradleModel                       : loaded 2 times (x 68B)
Class org.gradle.tooling.internal.gradle.DefaultBuildIdentifier                       : loaded 2 times (x 77B)
Class org.gradle.internal.service.ServiceLocator                                      : loaded 2 times (x 68B)
Class Settings_gradle$1                                                               : loaded 2 times (x 72B)
Class org.jetbrains.kotlin.idea.gradleTooling.model.allopen.AllOpenModel              : loaded 2 times (x 68B)
Class org.gradle.internal.classpath.DefaultClassPath$ImmutableUniqueList              : loaded 2 times (x 159B)
Class jdk.internal.jimage.ImageBufferCache                                            : loaded 2 times (x 69B)
Class org.gradle.internal.time.DefaultTimer                                           : loaded 2 times (x 78B)
Class org.gradle.internal.classpath.TransformedClassPath                              : loaded 2 times (x 94B)
Class Settings_gradle                                                                 : loaded 2 times (x 126B)
Class jdk.internal.jimage.ImageReader$Directory                                       : loaded 2 times (x 82B)


---------------  S Y S T E M  ---------------

OS:
 Windows 11 , 64 bit Build 22621 (10.0.22621.4391)
OS uptime: 0 days 15:19 hours

CPU: total 4 (initial active 4) (2 cores per cpu, 2 threads per core) family 6 model 126 stepping 5 microcode 0xa8, cx8, cmov, fxsr, ht, mmx, 3dnowpref, sse, sse2, sse3, ssse3, sse4.1, sse4.2, popcnt, lzcnt, tsc, tscinvbit, avx, avx2, aes, erms, clmul, bmi1, bmi2, adx, avx512f, avx512dq, avx512cd, avx512bw, avx512vl, sha, fma, vzeroupper, avx512_vpopcntdq, avx512_vpclmulqdq, avx512_vaes, avx512_vnni, clflush, clflushopt, avx512_vbmi2, avx512_vbmi
Processor Information for all 4 processors :
  Max Mhz: 1190, Current Mhz: 1190, Mhz Limit: 1190

Memory: 4k page, system-wide physical 7932M (448M free)
TotalPageFile size 19193M (AvailPageFile size 5M)
current process WorkingSet (physical memory assigned to process): 479M, peak: 479M
current process commit charge ("private bytes"): 502M, peak: 504M

vm_info: OpenJDK 64-Bit Server VM (17.0.11+0--11852314) for windows-amd64 JRE (17.0.11+0--11852314), built on May 16 2024 21:29:20 by "androidbuild" with MS VC++ 16.10 / 16.11 (VS2019)

END.
